{"/Users/sivan.payyadakath/Documents/nestjs-starter-rest-api/src/app.controller.ts": {"path":"/Users/sivan.payyadakath/Documents/nestjs-starter-rest-api/src/app.controller.ts","statementMap":{"0":{"start":{"line":1,"column":0},"end":{"line":1,"column":49}},"1":{"start":{"line":2,"column":0},"end":{"line":2,"column":43}},"2":{"start":{"line":3,"column":0},"end":{"line":3,"column":78}},"3":{"start":{"line":4,"column":0},"end":{"line":4,"column":59}},"4":{"start":{"line":5,"column":0},"end":{"line":5,"column":76}},"5":{"start":{"line":8,"column":26},"end":{"line":22,"column":null}},"6":{"start":{"line":10,"column":21},"end":{"line":10,"column":29}},"7":{"start":{"line":11,"column":21},"end":{"line":11,"column":33}},"8":{"start":{"line":13,"column":4},"end":{"line":13,"column":47}},"9":{"start":{"line":18,"column":4},"end":{"line":18,"column":60}},"10":{"start":{"line":20,"column":4},"end":{"line":20,"column":41}},"11":{"start":{"line":17,"column":2},"end":{"line":21,"column":null}},"12":{"start":{"line":8,"column":13},"end":{"line":22,"column":null}},"13":{"start":{"line":8,"column":13},"end":{"line":8,"column":26}}},"fnMap":{"0":{"name":"(anonymous_4)","decl":{"start":{"line":9,"column":2},"end":{"line":9,"column":null}},"loc":{"start":{"line":11,"column":43},"end":{"line":14,"column":3}}},"1":{"name":"(anonymous_5)","decl":{"start":{"line":17,"column":2},"end":{"line":17,"column":10}},"loc":{"start":{"line":17,"column":44},"end":{"line":21,"column":3}}}},"branchMap":{},"s":{"0":1,"1":1,"2":1,"3":1,"4":1,"5":1,"6":1,"7":1,"8":1,"9":1,"10":1,"11":1,"12":1,"13":1},"f":{"0":1,"1":1},"b":{}}
,"/Users/sivan.payyadakath/Documents/nestjs-starter-rest-api/src/app.service.ts": {"path":"/Users/sivan.payyadakath/Documents/nestjs-starter-rest-api/src/app.service.ts","statementMap":{"0":{"start":{"line":1,"column":0},"end":{"line":1,"column":44}},"1":{"start":{"line":2,"column":0},"end":{"line":2,"column":59}},"2":{"start":{"line":6,"column":23},"end":{"line":16,"column":null}},"3":{"start":{"line":7,"column":31},"end":{"line":7,"column":39}},"4":{"start":{"line":8,"column":4},"end":{"line":8,"column":44}},"5":{"start":{"line":12,"column":4},"end":{"line":12,"column":57}},"6":{"start":{"line":14,"column":4},"end":{"line":14,"column":26}},"7":{"start":{"line":6,"column":13},"end":{"line":16,"column":null}},"8":{"start":{"line":6,"column":13},"end":{"line":6,"column":23}}},"fnMap":{"0":{"name":"(anonymous_2)","decl":{"start":{"line":7,"column":2},"end":{"line":7,"column":31}},"loc":{"start":{"line":7,"column":48},"end":{"line":9,"column":3}}},"1":{"name":"(anonymous_3)","decl":{"start":{"line":11,"column":2},"end":{"line":11,"column":10}},"loc":{"start":{"line":11,"column":30},"end":{"line":15,"column":3}}}},"branchMap":{},"s":{"0":2,"1":2,"2":2,"3":3,"4":3,"5":2,"6":2,"7":2,"8":2},"f":{"0":3,"1":2},"b":{}}
,"/Users/sivan.payyadakath/Documents/nestjs-starter-rest-api/src/cli.ts": {"path":"/Users/sivan.payyadakath/Documents/nestjs-starter-rest-api/src/cli.ts","statementMap":{"0":{"start":{"line":1,"column":0},"end":{"line":1,"column":43}},"1":{"start":{"line":2,"column":0},"end":{"line":2,"column":47}},"2":{"start":{"line":4,"column":0},"end":{"line":4,"column":41}},"3":{"start":{"line":6,"column":0},"end":{"line":6,"column":59}},"4":{"start":{"line":7,"column":0},"end":{"line":7,"column":54}},"5":{"start":{"line":9,"column":0},"end":{"line":9,"column":78}},"6":{"start":{"line":12,"column":14},"end":{"line":12,"column":67}},"7":{"start":{"line":14,"column":24},"end":{"line":14,"column":46}},"8":{"start":{"line":15,"column":35},"end":{"line":16,"column":null}},"9":{"start":{"line":19,"column":22},"end":{"line":19,"column":42}},"10":{"start":{"line":21,"column":40},"end":{"line":28,"column":4}},"11":{"start":{"line":30,"column":14},"end":{"line":30,"column":34}},"12":{"start":{"line":33,"column":15},"end":{"line":33,"column":75}},"13":{"start":{"line":34,"column":2},"end":{"line":36,"column":null}},"14":{"start":{"line":35,"column":4},"end":{"line":35,"column":52}},"15":{"start":{"line":38,"column":2},"end":{"line":38,"column":20}},"16":{"start":{"line":40,"column":0},"end":{"line":40,"column":12}}},"fnMap":{"0":{"name":"bootstrap","decl":{"start":{"line":11,"column":15},"end":{"line":11,"column":24}},"loc":{"start":{"line":11,"column":24},"end":{"line":39,"column":1}}}},"branchMap":{"0":{"loc":{"start":{"line":34,"column":2},"end":{"line":36,"column":null}},"type":"if","locations":[{"start":{"line":34,"column":2},"end":{"line":36,"column":null}},{"start":{"line":34,"column":2},"end":{"line":36,"column":null}}]}},"s":{"0":0,"1":0,"2":0,"3":0,"4":0,"5":0,"6":0,"7":0,"8":0,"9":0,"10":0,"11":0,"12":0,"13":0,"14":0,"15":0,"16":0},"f":{"0":0},"b":{"0":[0,0]}}
,"/Users/sivan.payyadakath/Documents/nestjs-starter-rest-api/src/main.ts": {"path":"/Users/sivan.payyadakath/Documents/nestjs-starter-rest-api/src/main.ts","statementMap":{"0":{"start":{"line":1,"column":0},"end":{"line":1,"column":43}},"1":{"start":{"line":2,"column":0},"end":{"line":2,"column":47}},"2":{"start":{"line":3,"column":0},"end":{"line":3,"column":48}},"3":{"start":{"line":4,"column":0},"end":{"line":4,"column":65}},"4":{"start":{"line":6,"column":0},"end":{"line":6,"column":41}},"5":{"start":{"line":7,"column":0},"end":{"line":7,"column":92}},"6":{"start":{"line":8,"column":0},"end":{"line":8,"column":61}},"7":{"start":{"line":11,"column":14},"end":{"line":11,"column":49}},"8":{"start":{"line":12,"column":2},"end":{"line":12,"column":32}},"9":{"start":{"line":14,"column":2},"end":{"line":14,"column":66}},"10":{"start":{"line":15,"column":2},"end":{"line":15,"column":31}},"11":{"start":{"line":16,"column":2},"end":{"line":16,"column":19}},"12":{"start":{"line":19,"column":18},"end":{"line":24,"column":12}},"13":{"start":{"line":26,"column":19},"end":{"line":26,"column":61}},"14":{"start":{"line":27,"column":2},"end":{"line":27,"column":48}},"15":{"start":{"line":29,"column":24},"end":{"line":29,"column":46}},"16":{"start":{"line":30,"column":15},"end":{"line":30,"column":48}},"17":{"start":{"line":31,"column":2},"end":{"line":31,"column":25}},"18":{"start":{"line":33,"column":0},"end":{"line":33,"column":12}}},"fnMap":{"0":{"name":"bootstrap","decl":{"start":{"line":10,"column":15},"end":{"line":10,"column":24}},"loc":{"start":{"line":10,"column":24},"end":{"line":32,"column":1}}}},"branchMap":{},"s":{"0":0,"1":0,"2":0,"3":0,"4":0,"5":0,"6":0,"7":0,"8":0,"9":0,"10":0,"11":0,"12":0,"13":0,"14":0,"15":0,"16":0,"17":0,"18":0},"f":{"0":0},"b":{}}
,"/Users/sivan.payyadakath/Documents/nestjs-starter-rest-api/src/article/controllers/article.controller.ts": {"path":"/Users/sivan.payyadakath/Documents/nestjs-starter-rest-api/src/article/controllers/article.controller.ts","statementMap":{"0":{"start":{"line":1,"column":0},"end":{"line":1,"column":null}},"1":{"start":{"line":15,"column":0},"end":{"line":15,"column":null}},"2":{"start":{"line":22,"column":0},"end":{"line":22,"column":64}},"3":{"start":{"line":23,"column":0},"end":{"line":23,"column":null}},"4":{"start":{"line":28,"column":0},"end":{"line":28,"column":null}},"5":{"start":{"line":32,"column":0},"end":{"line":32,"column":59}},"6":{"start":{"line":33,"column":0},"end":{"line":33,"column":61}},"7":{"start":{"line":34,"column":0},"end":{"line":34,"column":63}},"8":{"start":{"line":35,"column":0},"end":{"line":35,"column":80}},"9":{"start":{"line":36,"column":0},"end":{"line":36,"column":82}},"10":{"start":{"line":37,"column":0},"end":{"line":37,"column":78}},"11":{"start":{"line":41,"column":30},"end":{"line":159,"column":null}},"12":{"start":{"line":43,"column":21},"end":{"line":43,"column":37}},"13":{"start":{"line":44,"column":21},"end":{"line":44,"column":29}},"14":{"start":{"line":46,"column":4},"end":{"line":46,"column":51}},"15":{"start":{"line":64,"column":20},"end":{"line":64,"column":71}},"16":{"start":{"line":65,"column":4},"end":{"line":65,"column":39}},"17":{"start":{"line":83,"column":4},"end":{"line":83,"column":64}},"18":{"start":{"line":85,"column":32},"end":{"line":88,"column":null}},"19":{"start":{"line":91,"column":4},"end":{"line":91,"column":47}},"20":{"start":{"line":112,"column":4},"end":{"line":112,"column":63}},"21":{"start":{"line":114,"column":20},"end":{"line":114,"column":69}},"22":{"start":{"line":115,"column":4},"end":{"line":115,"column":39}},"23":{"start":{"line":134,"column":20},"end":{"line":137,"column":null}},"24":{"start":{"line":139,"column":4},"end":{"line":139,"column":39}},"25":{"start":{"line":155,"column":4},"end":{"line":155,"column":66}},"26":{"start":{"line":157,"column":4},"end":{"line":157,"column":54}},"27":{"start":{"line":60,"column":2},"end":{"line":66,"column":null}},"28":{"start":{"line":79,"column":2},"end":{"line":92,"column":null}},"29":{"start":{"line":108,"column":2},"end":{"line":116,"column":null}},"30":{"start":{"line":129,"column":2},"end":{"line":140,"column":null}},"31":{"start":{"line":151,"column":2},"end":{"line":158,"column":null}},"32":{"start":{"line":41,"column":13},"end":{"line":159,"column":null}},"33":{"start":{"line":41,"column":13},"end":{"line":41,"column":30}}},"fnMap":{"0":{"name":"(anonymous_4)","decl":{"start":{"line":42,"column":2},"end":{"line":42,"column":null}},"loc":{"start":{"line":44,"column":38},"end":{"line":47,"column":3}}},"1":{"name":"(anonymous_5)","decl":{"start":{"line":60,"column":2},"end":{"line":60,"column":7}},"loc":{"start":{"line":62,"column":37},"end":{"line":66,"column":3}}},"2":{"name":"(anonymous_6)","decl":{"start":{"line":79,"column":2},"end":{"line":79,"column":7}},"loc":{"start":{"line":81,"column":39},"end":{"line":92,"column":3}}},"3":{"name":"(anonymous_7)","decl":{"start":{"line":108,"column":2},"end":{"line":108,"column":7}},"loc":{"start":{"line":110,"column":27},"end":{"line":116,"column":3}}},"4":{"name":"(anonymous_8)","decl":{"start":{"line":129,"column":2},"end":{"line":129,"column":7}},"loc":{"start":{"line":132,"column":37},"end":{"line":140,"column":3}}},"5":{"name":"(anonymous_9)","decl":{"start":{"line":151,"column":2},"end":{"line":151,"column":7}},"loc":{"start":{"line":153,"column":27},"end":{"line":158,"column":3}}}},"branchMap":{},"s":{"0":1,"1":1,"2":1,"3":1,"4":1,"5":1,"6":1,"7":1,"8":1,"9":1,"10":1,"11":1,"12":8,"13":8,"14":8,"15":3,"16":2,"17":1,"18":1,"19":1,"20":1,"21":1,"22":1,"23":1,"24":1,"25":1,"26":1,"27":1,"28":1,"29":1,"30":1,"31":1,"32":1,"33":1},"f":{"0":8,"1":3,"2":1,"3":1,"4":1,"5":1},"b":{}}
,"/Users/sivan.payyadakath/Documents/nestjs-starter-rest-api/src/article/dtos/article-input.dto.ts": {"path":"/Users/sivan.payyadakath/Documents/nestjs-starter-rest-api/src/article/dtos/article-input.dto.ts","statementMap":{"0":{"start":{"line":1,"column":0},"end":{"line":1,"column":67}},"1":{"start":{"line":3,"column":0},"end":{"line":3,"column":46}},"2":{"start":{"line":9,"column":2},"end":{"line":9,"column":null}},"3":{"start":{"line":14,"column":2},"end":{"line":14,"column":null}},"4":{"start":{"line":5,"column":0},"end":{"line":5,"column":13}},"5":{"start":{"line":22,"column":2},"end":{"line":22,"column":null}},"6":{"start":{"line":28,"column":2},"end":{"line":28,"column":null}},"7":{"start":{"line":17,"column":0},"end":{"line":17,"column":13}}},"fnMap":{},"branchMap":{},"s":{"0":2,"1":2,"2":2,"3":2,"4":2,"5":2,"6":2,"7":2},"f":{},"b":{}}
,"/Users/sivan.payyadakath/Documents/nestjs-starter-rest-api/src/article/dtos/article-output.dto.ts": {"path":"/Users/sivan.payyadakath/Documents/nestjs-starter-rest-api/src/article/dtos/article-output.dto.ts","statementMap":{"0":{"start":{"line":1,"column":0},"end":{"line":1,"column":49}},"1":{"start":{"line":3,"column":0},"end":{"line":3,"column":46}},"2":{"start":{"line":5,"column":0},"end":{"line":5,"column":51}},"3":{"start":{"line":10,"column":2},"end":{"line":10,"column":null}},"4":{"start":{"line":14,"column":2},"end":{"line":14,"column":null}},"5":{"start":{"line":18,"column":2},"end":{"line":18,"column":null}},"6":{"start":{"line":22,"column":2},"end":{"line":22,"column":null}},"7":{"start":{"line":26,"column":2},"end":{"line":26,"column":null}},"8":{"start":{"line":31,"column":2},"end":{"line":31,"column":null}},"9":{"start":{"line":29,"column":14},"end":{"line":29,"column":26}},"10":{"start":{"line":7,"column":0},"end":{"line":7,"column":13}}},"fnMap":{"0":{"name":"(anonymous_2)","decl":{"start":{"line":29,"column":8},"end":{"line":29,"column":11}},"loc":{"start":{"line":29,"column":14},"end":{"line":29,"column":26}}}},"branchMap":{},"s":{"0":2,"1":2,"2":2,"3":2,"4":2,"5":2,"6":2,"7":2,"8":2,"9":3,"10":2},"f":{"0":3},"b":{}}
,"/Users/sivan.payyadakath/Documents/nestjs-starter-rest-api/src/article/dtos/author-output.dto.ts": {"path":"/Users/sivan.payyadakath/Documents/nestjs-starter-rest-api/src/article/dtos/author-output.dto.ts","statementMap":{"0":{"start":{"line":1,"column":0},"end":{"line":1,"column":43}},"1":{"start":{"line":3,"column":0},"end":{"line":3,"column":46}},"2":{"start":{"line":8,"column":2},"end":{"line":8,"column":null}},"3":{"start":{"line":12,"column":2},"end":{"line":12,"column":null}},"4":{"start":{"line":5,"column":0},"end":{"line":5,"column":13}}},"fnMap":{},"branchMap":{},"s":{"0":2,"1":2,"2":2,"3":2,"4":2},"f":{},"b":{}}
,"/Users/sivan.payyadakath/Documents/nestjs-starter-rest-api/src/article/entities/article.entity.ts": {"path":"/Users/sivan.payyadakath/Documents/nestjs-starter-rest-api/src/article/entities/article.entity.ts","statementMap":{"0":{"start":{"line":1,"column":0},"end":{"line":1,"column":null}},"1":{"start":{"line":10,"column":0},"end":{"line":10,"column":55}},"2":{"start":{"line":13,"column":0},"end":{"line":33,"column":null}},"3":{"start":{"line":15,"column":2},"end":{"line":15,"column":null}},"4":{"start":{"line":18,"column":2},"end":{"line":18,"column":null}},"5":{"start":{"line":21,"column":2},"end":{"line":21,"column":null}},"6":{"start":{"line":24,"column":2},"end":{"line":24,"column":null}},"7":{"start":{"line":27,"column":2},"end":{"line":27,"column":null}},"8":{"start":{"line":32,"column":2},"end":{"line":32,"column":null}},"9":{"start":{"line":29,"column":19},"end":{"line":29,"column":23}},"10":{"start":{"line":29,"column":35},"end":{"line":29,"column":48}},"11":{"start":{"line":13,"column":13},"end":{"line":33,"column":null}},"12":{"start":{"line":13,"column":13},"end":{"line":13,"column":20}}},"fnMap":{"0":{"name":"(anonymous_2)","decl":{"start":{"line":29,"column":13},"end":{"line":29,"column":16}},"loc":{"start":{"line":29,"column":19},"end":{"line":29,"column":23}}},"1":{"name":"(anonymous_3)","decl":{"start":{"line":29,"column":25},"end":{"line":29,"column":26}},"loc":{"start":{"line":29,"column":35},"end":{"line":29,"column":48}}}},"branchMap":{},"s":{"0":8,"1":8,"2":8,"3":8,"4":8,"5":8,"6":8,"7":8,"8":8,"9":0,"10":0,"11":8,"12":8},"f":{"0":0,"1":0},"b":{}}
,"/Users/sivan.payyadakath/Documents/nestjs-starter-rest-api/src/article/repositories/article.repository.ts": {"path":"/Users/sivan.payyadakath/Documents/nestjs-starter-rest-api/src/article/repositories/article.repository.ts","statementMap":{"0":{"start":{"line":1,"column":0},"end":{"line":1,"column":55}},"1":{"start":{"line":3,"column":0},"end":{"line":3,"column":51}},"2":{"start":{"line":5,"column":0},"end":{"line":5,"column":53}},"3":{"start":{"line":8,"column":0},"end":{"line":17,"column":null}},"4":{"start":{"line":10,"column":20},"end":{"line":10,"column":42}},"5":{"start":{"line":11,"column":4},"end":{"line":13,"column":null}},"6":{"start":{"line":12,"column":6},"end":{"line":12,"column":36}},"7":{"start":{"line":15,"column":4},"end":{"line":15,"column":19}},"8":{"start":{"line":8,"column":13},"end":{"line":17,"column":null}},"9":{"start":{"line":8,"column":13},"end":{"line":8,"column":30}}},"fnMap":{"0":{"name":"(anonymous_1)","decl":{"start":{"line":9,"column":2},"end":{"line":9,"column":7}},"loc":{"start":{"line":9,"column":26},"end":{"line":16,"column":3}}}},"branchMap":{"0":{"loc":{"start":{"line":11,"column":4},"end":{"line":13,"column":null}},"type":"if","locations":[{"start":{"line":11,"column":4},"end":{"line":13,"column":null}},{"start":{"line":11,"column":4},"end":{"line":13,"column":null}}]}},"s":{"0":3,"1":3,"2":3,"3":3,"4":3,"5":3,"6":1,"7":2,"8":3,"9":3},"f":{"0":3},"b":{"0":[1,2]}}
,"/Users/sivan.payyadakath/Documents/nestjs-starter-rest-api/src/article/services/article-acl.service.ts": {"path":"/Users/sivan.payyadakath/Documents/nestjs-starter-rest-api/src/article/services/article-acl.service.ts","statementMap":{"0":{"start":{"line":1,"column":0},"end":{"line":1,"column":44}},"1":{"start":{"line":3,"column":0},"end":{"line":3,"column":58}},"2":{"start":{"line":4,"column":0},"end":{"line":4,"column":62}},"3":{"start":{"line":5,"column":0},"end":{"line":5,"column":58}},"4":{"start":{"line":10,"column":0},"end":{"line":21,"column":null}},"5":{"start":{"line":12,"column":4},"end":{"line":12,"column":12}},"6":{"start":{"line":13,"column":4},"end":{"line":13,"column":44}},"7":{"start":{"line":14,"column":4},"end":{"line":14,"column":69}},"8":{"start":{"line":15,"column":4},"end":{"line":15,"column":80}},"9":{"start":{"line":19,"column":4},"end":{"line":19,"column":41}},"10":{"start":{"line":10,"column":13},"end":{"line":21,"column":null}},"11":{"start":{"line":10,"column":13},"end":{"line":10,"column":30}}},"fnMap":{"0":{"name":"(anonymous_2)","decl":{"start":{"line":11,"column":2},"end":{"line":11,"column":null}},"loc":{"start":{"line":11,"column":2},"end":{"line":16,"column":3}}},"1":{"name":"(anonymous_3)","decl":{"start":{"line":18,"column":2},"end":{"line":18,"column":17}},"loc":{"start":{"line":18,"column":47},"end":{"line":20,"column":3}}}},"branchMap":{},"s":{"0":2,"1":2,"2":2,"3":2,"4":2,"5":13,"6":13,"7":13,"8":13,"9":5,"10":2,"11":2},"f":{"0":13,"1":5},"b":{}}
,"/Users/sivan.payyadakath/Documents/nestjs-starter-rest-api/src/article/services/article.service.ts": {"path":"/Users/sivan.payyadakath/Documents/nestjs-starter-rest-api/src/article/services/article.service.ts","statementMap":{"0":{"start":{"line":1,"column":0},"end":{"line":1,"column":49}},"1":{"start":{"line":3,"column":0},"end":{"line":3,"column":67}},"2":{"start":{"line":5,"column":0},"end":{"line":5,"column":58}},"3":{"start":{"line":7,"column":0},"end":{"line":7,"column":55}},"4":{"start":{"line":8,"column":0},"end":{"line":8,"column":63}},"5":{"start":{"line":13,"column":0},"end":{"line":13,"column":59}},"6":{"start":{"line":14,"column":0},"end":{"line":14,"column":53}},"7":{"start":{"line":15,"column":0},"end":{"line":15,"column":71}},"8":{"start":{"line":16,"column":0},"end":{"line":16,"column":58}},"9":{"start":{"line":18,"column":0},"end":{"line":18,"column":63}},"10":{"start":{"line":21,"column":27},"end":{"line":161,"column":null}},"11":{"start":{"line":23,"column":12},"end":{"line":23,"column":24}},"12":{"start":{"line":24,"column":12},"end":{"line":24,"column":25}},"13":{"start":{"line":25,"column":12},"end":{"line":25,"column":24}},"14":{"start":{"line":26,"column":21},"end":{"line":26,"column":29}},"15":{"start":{"line":28,"column":4},"end":{"line":28,"column":48}},"16":{"start":{"line":35,"column":4},"end":{"line":35,"column":66}},"17":{"start":{"line":37,"column":20},"end":{"line":37,"column":48}},"18":{"start":{"line":39,"column":25},"end":{"line":39,"column":33}},"19":{"start":{"line":41,"column":17},"end":{"line":41,"column":66}},"20":{"start":{"line":43,"column":22},"end":{"line":45,"column":42}},"21":{"start":{"line":46,"column":4},"end":{"line":48,"column":null}},"22":{"start":{"line":47,"column":6},"end":{"line":47,"column":40}},"23":{"start":{"line":50,"column":4},"end":{"line":50,"column":46}},"24":{"start":{"line":52,"column":4},"end":{"line":52,"column":67}},"25":{"start":{"line":53,"column":25},"end":{"line":53,"column":60}},"26":{"start":{"line":55,"column":4},"end":{"line":57,"column":7}},"27":{"start":{"line":65,"column":4},"end":{"line":65,"column":64}},"28":{"start":{"line":67,"column":25},"end":{"line":67,"column":33}},"29":{"start":{"line":69,"column":22},"end":{"line":69,"column":78}},"30":{"start":{"line":70,"column":4},"end":{"line":72,"column":null}},"31":{"start":{"line":71,"column":6},"end":{"line":71,"column":40}},"32":{"start":{"line":74,"column":4},"end":{"line":74,"column":75}},"33":{"start":{"line":75,"column":30},"end":{"line":79,"column":6}},"34":{"start":{"line":81,"column":27},"end":{"line":83,"column":6}},"35":{"start":{"line":85,"column":4},"end":{"line":85,"column":47}},"36":{"start":{"line":92,"column":4},"end":{"line":92,"column":67}},"37":{"start":{"line":94,"column":25},"end":{"line":94,"column":33}},"38":{"start":{"line":96,"column":4},"end":{"line":96,"column":70}},"39":{"start":{"line":97,"column":20},"end":{"line":97,"column":53}},"40":{"start":{"line":99,"column":22},"end":{"line":101,"column":40}},"41":{"start":{"line":102,"column":4},"end":{"line":104,"column":null}},"42":{"start":{"line":103,"column":6},"end":{"line":103,"column":40}},"43":{"start":{"line":106,"column":4},"end":{"line":108,"column":7}},"44":{"start":{"line":116,"column":4},"end":{"line":116,"column":66}},"45":{"start":{"line":118,"column":4},"end":{"line":118,"column":70}},"46":{"start":{"line":119,"column":20},"end":{"line":119,"column":60}},"47":{"start":{"line":121,"column":25},"end":{"line":121,"column":33}},"48":{"start":{"line":123,"column":22},"end":{"line":125,"column":42}},"49":{"start":{"line":126,"column":4},"end":{"line":128,"column":null}},"50":{"start":{"line":127,"column":6},"end":{"line":127,"column":40}},"51":{"start":{"line":130,"column":24},"end":{"line":132,"column":null}},"52":{"start":{"line":135,"column":4},"end":{"line":135,"column":67}},"53":{"start":{"line":136,"column":25},"end":{"line":136,"column":67}},"54":{"start":{"line":138,"column":4},"end":{"line":140,"column":7}},"55":{"start":{"line":144,"column":4},"end":{"line":144,"column":66}},"56":{"start":{"line":146,"column":4},"end":{"line":146,"column":70}},"57":{"start":{"line":147,"column":20},"end":{"line":147,"column":53}},"58":{"start":{"line":149,"column":25},"end":{"line":149,"column":33}},"59":{"start":{"line":151,"column":22},"end":{"line":153,"column":42}},"60":{"start":{"line":154,"column":4},"end":{"line":156,"column":null}},"61":{"start":{"line":155,"column":6},"end":{"line":155,"column":40}},"62":{"start":{"line":158,"column":4},"end":{"line":158,"column":69}},"63":{"start":{"line":159,"column":4},"end":{"line":159,"column":42}},"64":{"start":{"line":21,"column":13},"end":{"line":161,"column":null}},"65":{"start":{"line":21,"column":13},"end":{"line":21,"column":27}}},"fnMap":{"0":{"name":"(anonymous_2)","decl":{"start":{"line":22,"column":2},"end":{"line":22,"column":null}},"loc":{"start":{"line":26,"column":38},"end":{"line":29,"column":3}}},"1":{"name":"(anonymous_3)","decl":{"start":{"line":31,"column":2},"end":{"line":31,"column":7}},"loc":{"start":{"line":33,"column":29},"end":{"line":58,"column":3}}},"2":{"name":"(anonymous_4)","decl":{"start":{"line":60,"column":2},"end":{"line":60,"column":7}},"loc":{"start":{"line":63,"column":18},"end":{"line":86,"column":3}}},"3":{"name":"(anonymous_5)","decl":{"start":{"line":88,"column":2},"end":{"line":88,"column":7}},"loc":{"start":{"line":90,"column":14},"end":{"line":109,"column":3}}},"4":{"name":"(anonymous_6)","decl":{"start":{"line":111,"column":2},"end":{"line":111,"column":7}},"loc":{"start":{"line":114,"column":29},"end":{"line":141,"column":3}}},"5":{"name":"(anonymous_7)","decl":{"start":{"line":143,"column":2},"end":{"line":143,"column":7}},"loc":{"start":{"line":143,"column":53},"end":{"line":160,"column":3}}}},"branchMap":{"0":{"loc":{"start":{"line":46,"column":4},"end":{"line":48,"column":null}},"type":"if","locations":[{"start":{"line":46,"column":4},"end":{"line":48,"column":null}},{"start":{"line":46,"column":4},"end":{"line":48,"column":null}}]},"1":{"loc":{"start":{"line":70,"column":4},"end":{"line":72,"column":null}},"type":"if","locations":[{"start":{"line":70,"column":4},"end":{"line":72,"column":null}},{"start":{"line":70,"column":4},"end":{"line":72,"column":null}}]},"2":{"loc":{"start":{"line":102,"column":4},"end":{"line":104,"column":null}},"type":"if","locations":[{"start":{"line":102,"column":4},"end":{"line":104,"column":null}},{"start":{"line":102,"column":4},"end":{"line":104,"column":null}}]},"3":{"loc":{"start":{"line":126,"column":4},"end":{"line":128,"column":null}},"type":"if","locations":[{"start":{"line":126,"column":4},"end":{"line":128,"column":null}},{"start":{"line":126,"column":4},"end":{"line":128,"column":null}}]},"4":{"loc":{"start":{"line":154,"column":4},"end":{"line":156,"column":null}},"type":"if","locations":[{"start":{"line":154,"column":4},"end":{"line":156,"column":null}},{"start":{"line":154,"column":4},"end":{"line":156,"column":null}}]}},"s":{"0":2,"1":2,"2":2,"3":2,"4":2,"5":2,"6":2,"7":2,"8":2,"9":2,"10":2,"11":13,"12":13,"13":13,"14":13,"15":13,"16":2,"17":2,"18":2,"19":2,"20":2,"21":2,"22":0,"23":2,"24":2,"25":2,"26":2,"27":2,"28":2,"29":2,"30":2,"31":0,"32":2,"33":2,"34":2,"35":2,"36":2,"37":2,"38":2,"39":2,"40":1,"41":1,"42":0,"43":1,"44":3,"45":3,"46":3,"47":3,"48":3,"49":3,"50":1,"51":2,"52":2,"53":2,"54":2,"55":3,"56":3,"57":3,"58":2,"59":2,"60":2,"61":1,"62":1,"63":1,"64":2,"65":2},"f":{"0":13,"1":2,"2":2,"3":2,"4":3,"5":3},"b":{"0":[0,2],"1":[0,2],"2":[0,1],"3":[1,2],"4":[1,1]}}
,"/Users/sivan.payyadakath/Documents/nestjs-starter-rest-api/src/auth/constants/role.constant.ts": {"path":"/Users/sivan.payyadakath/Documents/nestjs-starter-rest-api/src/auth/constants/role.constant.ts","statementMap":{"0":{"start":{"line":1,"column":0},"end":{"line":1,"column":null}},"1":{"start":{"line":2,"column":2},"end":{"line":2,"column":null}},"2":{"start":{"line":3,"column":2},"end":{"line":3,"column":null}}},"fnMap":{"0":{"name":"(anonymous_0)","decl":{"start":{"line":1,"column":0},"end":{"line":1,"column":12}},"loc":{"start":{"line":1,"column":16},"end":{"line":4,"column":1}}}},"branchMap":{"0":{"loc":{"start":{"line":1,"column":12},"end":{"line":1,"column":16}},"type":"binary-expr","locations":[{"start":{"line":1,"column":12},"end":{"line":1,"column":16}},{"start":{"line":1,"column":12},"end":{"line":1,"column":null}}]}},"s":{"0":9,"1":9,"2":9},"f":{"0":9},"b":{"0":[9,9]}}
,"/Users/sivan.payyadakath/Documents/nestjs-starter-rest-api/src/auth/constants/strategy.constant.ts": {"path":"/Users/sivan.payyadakath/Documents/nestjs-starter-rest-api/src/auth/constants/strategy.constant.ts","statementMap":{"0":{"start":{"line":1,"column":13},"end":{"line":1,"column":38}},"1":{"start":{"line":2,"column":13},"end":{"line":2,"column":44}},"2":{"start":{"line":3,"column":13},"end":{"line":3,"column":50}}},"fnMap":{},"branchMap":{},"s":{"0":3,"1":3,"2":3},"f":{},"b":{}}
,"/Users/sivan.payyadakath/Documents/nestjs-starter-rest-api/src/auth/controllers/auth.controller.ts": {"path":"/Users/sivan.payyadakath/Documents/nestjs-starter-rest-api/src/auth/controllers/auth.controller.ts","statementMap":{"0":{"start":{"line":1,"column":0},"end":{"line":1,"column":null}},"1":{"start":{"line":11,"column":0},"end":{"line":11,"column":69}},"2":{"start":{"line":13,"column":0},"end":{"line":13,"column":55}},"3":{"start":{"line":14,"column":0},"end":{"line":14,"column":58}},"4":{"start":{"line":15,"column":0},"end":{"line":15,"column":64}},"5":{"start":{"line":16,"column":0},"end":{"line":16,"column":66}},"6":{"start":{"line":17,"column":0},"end":{"line":17,"column":60}},"7":{"start":{"line":18,"column":0},"end":{"line":18,"column":64}},"8":{"start":{"line":19,"column":0},"end":{"line":19,"column":73}},"9":{"start":{"line":20,"column":0},"end":{"line":20,"column":62}},"10":{"start":{"line":21,"column":0},"end":{"line":21,"column":null}},"11":{"start":{"line":26,"column":0},"end":{"line":26,"column":80}},"12":{"start":{"line":27,"column":0},"end":{"line":27,"column":82}},"13":{"start":{"line":28,"column":0},"end":{"line":28,"column":63}},"14":{"start":{"line":32,"column":27},"end":{"line":106,"column":null}},"15":{"start":{"line":34,"column":21},"end":{"line":34,"column":34}},"16":{"start":{"line":35,"column":21},"end":{"line":35,"column":29}},"17":{"start":{"line":37,"column":4},"end":{"line":37,"column":48}},"18":{"start":{"line":59,"column":4},"end":{"line":59,"column":58}},"19":{"start":{"line":61,"column":22},"end":{"line":61,"column":49}},"20":{"start":{"line":62,"column":4},"end":{"line":62,"column":41}},"21":{"start":{"line":77,"column":27},"end":{"line":77,"column":70}},"22":{"start":{"line":78,"column":4},"end":{"line":78,"column":46}},"23":{"start":{"line":101,"column":4},"end":{"line":101,"column":65}},"24":{"start":{"line":103,"column":22},"end":{"line":103,"column":62}},"25":{"start":{"line":104,"column":4},"end":{"line":104,"column":41}},"26":{"start":{"line":54,"column":2},"end":{"line":63,"column":null}},"27":{"start":{"line":73,"column":2},"end":{"line":79,"column":null}},"28":{"start":{"line":96,"column":2},"end":{"line":105,"column":null}},"29":{"start":{"line":32,"column":13},"end":{"line":106,"column":null}},"30":{"start":{"line":32,"column":13},"end":{"line":32,"column":27}}},"fnMap":{"0":{"name":"(anonymous_4)","decl":{"start":{"line":33,"column":2},"end":{"line":33,"column":null}},"loc":{"start":{"line":35,"column":38},"end":{"line":38,"column":3}}},"1":{"name":"(anonymous_5)","decl":{"start":{"line":54,"column":2},"end":{"line":54,"column":7}},"loc":{"start":{"line":57,"column":34},"end":{"line":63,"column":3}}},"2":{"name":"(anonymous_6)","decl":{"start":{"line":73,"column":2},"end":{"line":73,"column":7}},"loc":{"start":{"line":75,"column":32},"end":{"line":79,"column":3}}},"3":{"name":"(anonymous_7)","decl":{"start":{"line":96,"column":2},"end":{"line":96,"column":7}},"loc":{"start":{"line":99,"column":41},"end":{"line":105,"column":3}}}},"branchMap":{},"s":{"0":1,"1":1,"2":1,"3":1,"4":1,"5":1,"6":1,"7":1,"8":1,"9":1,"10":1,"11":1,"12":1,"13":1,"14":1,"15":4,"16":4,"17":4,"18":1,"19":1,"20":1,"21":1,"22":1,"23":1,"24":1,"25":1,"26":1,"27":1,"28":1,"29":1,"30":1},"f":{"0":4,"1":1,"2":1,"3":1},"b":{}}
,"/Users/sivan.payyadakath/Documents/nestjs-starter-rest-api/src/auth/decorators/role.decorator.ts": {"path":"/Users/sivan.payyadakath/Documents/nestjs-starter-rest-api/src/auth/decorators/role.decorator.ts","statementMap":{"0":{"start":{"line":1,"column":0},"end":{"line":1,"column":62}},"1":{"start":{"line":5,"column":13},"end":{"line":5,"column":33}},"2":{"start":{"line":6,"column":13},"end":{"line":7,"column":32}},"3":{"start":{"line":7,"column":2},"end":{"line":7,"column":31}}},"fnMap":{"0":{"name":"(anonymous_0)","decl":{"start":{"line":6,"column":21},"end":{"line":6,"column":22}},"loc":{"start":{"line":7,"column":2},"end":{"line":7,"column":31}}}},"branchMap":{},"s":{"0":1,"1":1,"2":1,"3":1},"f":{"0":1},"b":{}}
,"/Users/sivan.payyadakath/Documents/nestjs-starter-rest-api/src/auth/dtos/auth-login-input.dto.ts": {"path":"/Users/sivan.payyadakath/Documents/nestjs-starter-rest-api/src/auth/dtos/auth-login-input.dto.ts","statementMap":{"0":{"start":{"line":1,"column":0},"end":{"line":1,"column":46}},"1":{"start":{"line":2,"column":0},"end":{"line":2,"column":66}},"2":{"start":{"line":9,"column":2},"end":{"line":9,"column":null}},"3":{"start":{"line":14,"column":2},"end":{"line":14,"column":null}},"4":{"start":{"line":4,"column":0},"end":{"line":4,"column":13}}},"fnMap":{},"branchMap":{},"s":{"0":1,"1":1,"2":1,"3":1,"4":1},"f":{},"b":{}}
,"/Users/sivan.payyadakath/Documents/nestjs-starter-rest-api/src/auth/dtos/auth-refresh-token-input.dto.ts": {"path":"/Users/sivan.payyadakath/Documents/nestjs-starter-rest-api/src/auth/dtos/auth-refresh-token-input.dto.ts","statementMap":{"0":{"start":{"line":1,"column":0},"end":{"line":1,"column":46}},"1":{"start":{"line":2,"column":0},"end":{"line":2,"column":45}},"2":{"start":{"line":7,"column":2},"end":{"line":7,"column":null}},"3":{"start":{"line":4,"column":0},"end":{"line":4,"column":13}}},"fnMap":{},"branchMap":{},"s":{"0":1,"1":1,"2":1,"3":1},"f":{},"b":{}}
,"/Users/sivan.payyadakath/Documents/nestjs-starter-rest-api/src/auth/dtos/auth-register-input.dto.ts": {"path":"/Users/sivan.payyadakath/Documents/nestjs-starter-rest-api/src/auth/dtos/auth-register-input.dto.ts","statementMap":{"0":{"start":{"line":1,"column":0},"end":{"line":1,"column":null}},"1":{"start":{"line":8,"column":0},"end":{"line":8,"column":67}},"2":{"start":{"line":9,"column":0},"end":{"line":9,"column":50}},"3":{"start":{"line":36,"column":2},"end":{"line":36,"column":30}},"4":{"start":{"line":16,"column":2},"end":{"line":16,"column":null}},"5":{"start":{"line":21,"column":2},"end":{"line":21,"column":null}},"6":{"start":{"line":27,"column":2},"end":{"line":27,"column":null}},"7":{"start":{"line":33,"column":2},"end":{"line":33,"column":null}},"8":{"start":{"line":11,"column":0},"end":{"line":11,"column":13}}},"fnMap":{"0":{"name":"(anonymous_2)","decl":{"start":{"line":11,"column":0},"end":{"line":11,"column":13}},"loc":{"start":{"line":11,"column":0},"end":{"line":38,"column":1}}}},"branchMap":{},"s":{"0":1,"1":1,"2":1,"3":1,"4":1,"5":1,"6":1,"7":1,"8":1},"f":{"0":1},"b":{}}
,"/Users/sivan.payyadakath/Documents/nestjs-starter-rest-api/src/auth/dtos/auth-register-output.dto.ts": {"path":"/Users/sivan.payyadakath/Documents/nestjs-starter-rest-api/src/auth/dtos/auth-register-output.dto.ts","statementMap":{"0":{"start":{"line":1,"column":0},"end":{"line":1,"column":46}},"1":{"start":{"line":2,"column":0},"end":{"line":2,"column":43}},"2":{"start":{"line":4,"column":0},"end":{"line":4,"column":50}},"3":{"start":{"line":9,"column":2},"end":{"line":9,"column":null}},"4":{"start":{"line":13,"column":2},"end":{"line":13,"column":null}},"5":{"start":{"line":17,"column":2},"end":{"line":17,"column":null}},"6":{"start":{"line":21,"column":2},"end":{"line":21,"column":null}},"7":{"start":{"line":25,"column":2},"end":{"line":25,"column":null}},"8":{"start":{"line":29,"column":2},"end":{"line":29,"column":null}},"9":{"start":{"line":33,"column":2},"end":{"line":33,"column":null}},"10":{"start":{"line":37,"column":2},"end":{"line":37,"column":null}},"11":{"start":{"line":6,"column":0},"end":{"line":6,"column":13}}},"fnMap":{},"branchMap":{},"s":{"0":2,"1":2,"2":2,"3":2,"4":2,"5":2,"6":2,"7":2,"8":2,"9":2,"10":2,"11":2},"f":{},"b":{}}
,"/Users/sivan.payyadakath/Documents/nestjs-starter-rest-api/src/auth/dtos/auth-token-output.dto.ts": {"path":"/Users/sivan.payyadakath/Documents/nestjs-starter-rest-api/src/auth/dtos/auth-token-output.dto.ts","statementMap":{"0":{"start":{"line":1,"column":0},"end":{"line":1,"column":46}},"1":{"start":{"line":2,"column":0},"end":{"line":2,"column":43}},"2":{"start":{"line":9,"column":2},"end":{"line":9,"column":null}},"3":{"start":{"line":13,"column":2},"end":{"line":13,"column":null}},"4":{"start":{"line":6,"column":0},"end":{"line":6,"column":13}},"5":{"start":{"line":18,"column":2},"end":{"line":18,"column":null}},"6":{"start":{"line":20,"column":2},"end":{"line":20,"column":null}},"7":{"start":{"line":22,"column":2},"end":{"line":22,"column":null}},"8":{"start":{"line":16,"column":0},"end":{"line":16,"column":13}},"9":{"start":{"line":25,"column":0},"end":{"line":25,"column":13}}},"fnMap":{},"branchMap":{},"s":{"0":8,"1":8,"2":8,"3":8,"4":8,"5":8,"6":8,"7":8,"8":8,"9":8},"f":{},"b":{}}
,"/Users/sivan.payyadakath/Documents/nestjs-starter-rest-api/src/auth/guards/jwt-auth.guard.ts": {"path":"/Users/sivan.payyadakath/Documents/nestjs-starter-rest-api/src/auth/guards/jwt-auth.guard.ts","statementMap":{"0":{"start":{"line":1,"column":0},"end":{"line":1,"column":null}},"1":{"start":{"line":6,"column":0},"end":{"line":6,"column":45}},"2":{"start":{"line":9,"column":0},"end":{"line":9,"column":67}},"3":{"start":{"line":12,"column":0},"end":{"line":29,"column":null}},"4":{"start":{"line":18,"column":4},"end":{"line":18,"column":38}},"5":{"start":{"line":24,"column":4},"end":{"line":26,"column":null}},"6":{"start":{"line":25,"column":6},"end":{"line":25,"column":56}},"7":{"start":{"line":27,"column":4},"end":{"line":27,"column":16}},"8":{"start":{"line":12,"column":13},"end":{"line":29,"column":null}},"9":{"start":{"line":12,"column":13},"end":{"line":12,"column":25}}},"fnMap":{"0":{"name":"(anonymous_1)","decl":{"start":{"line":13,"column":2},"end":{"line":13,"column":13}},"loc":{"start":{"line":14,"column":29},"end":{"line":19,"column":3}}},"1":{"name":"(anonymous_2)","decl":{"start":{"line":22,"column":2},"end":{"line":22,"column":15}},"loc":{"start":{"line":22,"column":31},"end":{"line":28,"column":3}}}},"branchMap":{"0":{"loc":{"start":{"line":24,"column":4},"end":{"line":26,"column":null}},"type":"if","locations":[{"start":{"line":24,"column":4},"end":{"line":26,"column":null}},{"start":{"line":24,"column":4},"end":{"line":26,"column":null}}]},"1":{"loc":{"start":{"line":24,"column":8},"end":{"line":24,"column":11}},"type":"binary-expr","locations":[{"start":{"line":24,"column":8},"end":{"line":24,"column":11}},{"start":{"line":24,"column":15},"end":{"line":24,"column":20}}]},"2":{"loc":{"start":{"line":25,"column":12},"end":{"line":25,"column":15}},"type":"binary-expr","locations":[{"start":{"line":25,"column":12},"end":{"line":25,"column":15}},{"start":{"line":25,"column":19},"end":{"line":25,"column":55}}]}},"s":{"0":2,"1":2,"2":2,"3":2,"4":0,"5":0,"6":0,"7":0,"8":2,"9":2},"f":{"0":0,"1":0},"b":{"0":[0,0],"1":[0,0],"2":[0,0]}}
,"/Users/sivan.payyadakath/Documents/nestjs-starter-rest-api/src/auth/guards/jwt-refresh.guard.ts": {"path":"/Users/sivan.payyadakath/Documents/nestjs-starter-rest-api/src/auth/guards/jwt-refresh.guard.ts","statementMap":{"0":{"start":{"line":1,"column":0},"end":{"line":1,"column":null}},"1":{"start":{"line":6,"column":0},"end":{"line":6,"column":45}},"2":{"start":{"line":9,"column":0},"end":{"line":9,"column":70}},"3":{"start":{"line":12,"column":0},"end":{"line":29,"column":null}},"4":{"start":{"line":18,"column":4},"end":{"line":18,"column":38}},"5":{"start":{"line":24,"column":4},"end":{"line":26,"column":null}},"6":{"start":{"line":25,"column":6},"end":{"line":25,"column":56}},"7":{"start":{"line":27,"column":4},"end":{"line":27,"column":16}},"8":{"start":{"line":12,"column":13},"end":{"line":29,"column":null}},"9":{"start":{"line":12,"column":13},"end":{"line":12,"column":28}}},"fnMap":{"0":{"name":"(anonymous_1)","decl":{"start":{"line":13,"column":2},"end":{"line":13,"column":13}},"loc":{"start":{"line":14,"column":29},"end":{"line":19,"column":3}}},"1":{"name":"(anonymous_2)","decl":{"start":{"line":22,"column":2},"end":{"line":22,"column":15}},"loc":{"start":{"line":22,"column":31},"end":{"line":28,"column":3}}}},"branchMap":{"0":{"loc":{"start":{"line":24,"column":4},"end":{"line":26,"column":null}},"type":"if","locations":[{"start":{"line":24,"column":4},"end":{"line":26,"column":null}},{"start":{"line":24,"column":4},"end":{"line":26,"column":null}}]},"1":{"loc":{"start":{"line":24,"column":8},"end":{"line":24,"column":11}},"type":"binary-expr","locations":[{"start":{"line":24,"column":8},"end":{"line":24,"column":11}},{"start":{"line":24,"column":15},"end":{"line":24,"column":20}}]},"2":{"loc":{"start":{"line":25,"column":12},"end":{"line":25,"column":15}},"type":"binary-expr","locations":[{"start":{"line":25,"column":12},"end":{"line":25,"column":15}},{"start":{"line":25,"column":19},"end":{"line":25,"column":55}}]}},"s":{"0":1,"1":1,"2":1,"3":1,"4":0,"5":0,"6":0,"7":0,"8":1,"9":1},"f":{"0":0,"1":0},"b":{"0":[0,0],"1":[0,0],"2":[0,0]}}
,"/Users/sivan.payyadakath/Documents/nestjs-starter-rest-api/src/auth/guards/local-auth.guard.ts": {"path":"/Users/sivan.payyadakath/Documents/nestjs-starter-rest-api/src/auth/guards/local-auth.guard.ts","statementMap":{"0":{"start":{"line":1,"column":0},"end":{"line":1,"column":44}},"1":{"start":{"line":2,"column":0},"end":{"line":2,"column":45}},"2":{"start":{"line":4,"column":0},"end":{"line":4,"column":64}},"3":{"start":{"line":7,"column":0},"end":{"line":7,"column":null}},"4":{"start":{"line":7,"column":13},"end":{"line":7,"column":null}},"5":{"start":{"line":7,"column":13},"end":{"line":7,"column":27}}},"fnMap":{},"branchMap":{},"s":{"0":1,"1":1,"2":1,"3":1,"4":1,"5":1},"f":{},"b":{}}
,"/Users/sivan.payyadakath/Documents/nestjs-starter-rest-api/src/auth/guards/roles.guard.ts": {"path":"/Users/sivan.payyadakath/Documents/nestjs-starter-rest-api/src/auth/guards/roles.guard.ts","statementMap":{"0":{"start":{"line":1,"column":0},"end":{"line":1,"column":null}},"1":{"start":{"line":7,"column":0},"end":{"line":7,"column":41}},"2":{"start":{"line":10,"column":0},"end":{"line":10,"column":57}},"3":{"start":{"line":13,"column":0},"end":{"line":35,"column":null}},"4":{"start":{"line":14,"column":22},"end":{"line":14,"column":33}},"5":{"start":{"line":17,"column":26},"end":{"line":20,"column":6}},"6":{"start":{"line":22,"column":4},"end":{"line":24,"column":null}},"7":{"start":{"line":23,"column":6},"end":{"line":23,"column":18}},"8":{"start":{"line":25,"column":21},"end":{"line":25,"column":56}},"9":{"start":{"line":27,"column":4},"end":{"line":29,"column":null}},"10":{"start":{"line":27,"column":36},"end":{"line":27,"column":63}},"11":{"start":{"line":28,"column":6},"end":{"line":28,"column":18}},"12":{"start":{"line":31,"column":4},"end":{"line":33,"column":6}},"13":{"start":{"line":13,"column":13},"end":{"line":35,"column":null}},"14":{"start":{"line":13,"column":13},"end":{"line":13,"column":23}}},"fnMap":{"0":{"name":"(anonymous_2)","decl":{"start":{"line":14,"column":2},"end":{"line":14,"column":22}},"loc":{"start":{"line":14,"column":42},"end":{"line":14,"column":46}}},"1":{"name":"(anonymous_3)","decl":{"start":{"line":16,"column":2},"end":{"line":16,"column":13}},"loc":{"start":{"line":16,"column":39},"end":{"line":34,"column":3}}},"2":{"name":"(anonymous_4)","decl":{"start":{"line":27,"column":27},"end":{"line":27,"column":28}},"loc":{"start":{"line":27,"column":36},"end":{"line":27,"column":63}}}},"branchMap":{"0":{"loc":{"start":{"line":22,"column":4},"end":{"line":24,"column":null}},"type":"if","locations":[{"start":{"line":22,"column":4},"end":{"line":24,"column":null}},{"start":{"line":22,"column":4},"end":{"line":24,"column":null}}]},"1":{"loc":{"start":{"line":27,"column":4},"end":{"line":29,"column":null}},"type":"if","locations":[{"start":{"line":27,"column":4},"end":{"line":29,"column":null}},{"start":{"line":27,"column":4},"end":{"line":29,"column":null}}]},"2":{"loc":{"start":{"line":27,"column":47},"end":{"line":27,"column":49}},"type":"cond-expr","locations":[{"start":{"line":27,"column":47},"end":{"line":27,"column":49}},{"start":{"line":27,"column":47},"end":{"line":27,"column":63}}]},"3":{"loc":{"start":{"line":27,"column":36},"end":{"line":27,"column":49}},"type":"binary-expr","locations":[{"start":{"line":27,"column":36},"end":{"line":27,"column":49}},{"start":{"line":27,"column":47},"end":{"line":27,"column":49}}]}},"s":{"0":1,"1":1,"2":1,"3":1,"4":4,"5":0,"6":0,"7":0,"8":0,"9":0,"10":0,"11":0,"12":0,"13":1,"14":1},"f":{"0":4,"1":0,"2":0},"b":{"0":[0,0],"1":[0,0],"2":[0,0],"3":[0,0]}}
,"/Users/sivan.payyadakath/Documents/nestjs-starter-rest-api/src/auth/services/auth.service.ts": {"path":"/Users/sivan.payyadakath/Documents/nestjs-starter-rest-api/src/auth/services/auth.service.ts","statementMap":{"0":{"start":{"line":1,"column":0},"end":{"line":1,"column":67}},"1":{"start":{"line":2,"column":0},"end":{"line":2,"column":47}},"2":{"start":{"line":3,"column":0},"end":{"line":3,"column":41}},"3":{"start":{"line":4,"column":0},"end":{"line":4,"column":49}},"4":{"start":{"line":6,"column":0},"end":{"line":6,"column":63}},"5":{"start":{"line":7,"column":0},"end":{"line":7,"column":50}},"6":{"start":{"line":9,"column":0},"end":{"line":9,"column":66}},"7":{"start":{"line":10,"column":0},"end":{"line":10,"column":null}},"8":{"start":{"line":15,"column":0},"end":{"line":15,"column":63}},"9":{"start":{"line":19,"column":24},"end":{"line":110,"column":null}},"10":{"start":{"line":21,"column":12},"end":{"line":21,"column":25}},"11":{"start":{"line":22,"column":12},"end":{"line":22,"column":24}},"12":{"start":{"line":23,"column":12},"end":{"line":23,"column":27}},"13":{"start":{"line":24,"column":21},"end":{"line":24,"column":29}},"14":{"start":{"line":26,"column":4},"end":{"line":26,"column":45}},"15":{"start":{"line":34,"column":4},"end":{"line":34,"column":65}},"16":{"start":{"line":37,"column":17},"end":{"line":40,"column":null}},"17":{"start":{"line":44,"column":4},"end":{"line":46,"column":null}},"18":{"start":{"line":45,"column":6},"end":{"line":45,"column":77}},"19":{"start":{"line":48,"column":4},"end":{"line":48,"column":16}},"20":{"start":{"line":52,"column":4},"end":{"line":52,"column":58}},"21":{"start":{"line":54,"column":4},"end":{"line":54,"column":44}},"22":{"start":{"line":61,"column":4},"end":{"line":61,"column":61}},"23":{"start":{"line":64,"column":4},"end":{"line":64,"column":30}},"24":{"start":{"line":65,"column":4},"end":{"line":65,"column":36}},"25":{"start":{"line":67,"column":27},"end":{"line":67,"column":72}},"26":{"start":{"line":68,"column":4},"end":{"line":70,"column":7}},"27":{"start":{"line":74,"column":4},"end":{"line":74,"column":65}},"28":{"start":{"line":76,"column":17},"end":{"line":76,"column":66}},"29":{"start":{"line":77,"column":4},"end":{"line":79,"column":null}},"30":{"start":{"line":78,"column":6},"end":{"line":78,"column":57}},"31":{"start":{"line":81,"column":4},"end":{"line":81,"column":40}},"32":{"start":{"line":88,"column":4},"end":{"line":88,"column":65}},"33":{"start":{"line":90,"column":20},"end":{"line":90,"column":36}},"34":{"start":{"line":91,"column":20},"end":{"line":95,"column":6}},"35":{"start":{"line":97,"column":22},"end":{"line":105,"column":6}},"36":{"start":{"line":106,"column":4},"end":{"line":108,"column":7}},"37":{"start":{"line":19,"column":13},"end":{"line":110,"column":null}},"38":{"start":{"line":19,"column":13},"end":{"line":19,"column":24}}},"fnMap":{"0":{"name":"(anonymous_2)","decl":{"start":{"line":20,"column":2},"end":{"line":20,"column":null}},"loc":{"start":{"line":24,"column":38},"end":{"line":27,"column":3}}},"1":{"name":"(anonymous_3)","decl":{"start":{"line":29,"column":2},"end":{"line":29,"column":7}},"loc":{"start":{"line":32,"column":16},"end":{"line":49,"column":3}}},"2":{"name":"(anonymous_4)","decl":{"start":{"line":51,"column":2},"end":{"line":51,"column":7}},"loc":{"start":{"line":51,"column":27},"end":{"line":55,"column":3}}},"3":{"name":"(anonymous_5)","decl":{"start":{"line":57,"column":2},"end":{"line":57,"column":7}},"loc":{"start":{"line":59,"column":24},"end":{"line":71,"column":3}}},"4":{"name":"(anonymous_6)","decl":{"start":{"line":73,"column":2},"end":{"line":73,"column":7}},"loc":{"start":{"line":73,"column":40},"end":{"line":82,"column":3}}},"5":{"name":"(anonymous_7)","decl":{"start":{"line":84,"column":2},"end":{"line":84,"column":14}},"loc":{"start":{"line":86,"column":44},"end":{"line":109,"column":3}}}},"branchMap":{"0":{"loc":{"start":{"line":44,"column":4},"end":{"line":46,"column":null}},"type":"if","locations":[{"start":{"line":44,"column":4},"end":{"line":46,"column":null}},{"start":{"line":44,"column":4},"end":{"line":46,"column":null}}]},"1":{"loc":{"start":{"line":77,"column":4},"end":{"line":79,"column":null}},"type":"if","locations":[{"start":{"line":77,"column":4},"end":{"line":79,"column":null}},{"start":{"line":77,"column":4},"end":{"line":79,"column":null}}]}},"s":{"0":2,"1":2,"2":2,"3":2,"4":2,"5":2,"6":2,"7":2,"8":2,"9":2,"10":10,"11":10,"12":10,"13":10,"14":10,"15":3,"16":3,"17":2,"18":1,"19":1,"20":1,"21":1,"22":1,"23":1,"24":1,"25":1,"26":1,"27":2,"28":2,"29":2,"30":1,"31":1,"32":2,"33":2,"34":2,"35":2,"36":2,"37":2,"38":2},"f":{"0":10,"1":3,"2":1,"3":1,"4":2,"5":2},"b":{"0":[1,1],"1":[1,1]}}
,"/Users/sivan.payyadakath/Documents/nestjs-starter-rest-api/src/auth/strategies/jwt-auth.strategy.ts": {"path":"/Users/sivan.payyadakath/Documents/nestjs-starter-rest-api/src/auth/strategies/jwt-auth.strategy.ts","statementMap":{"0":{"start":{"line":1,"column":0},"end":{"line":1,"column":44}},"1":{"start":{"line":2,"column":0},"end":{"line":2,"column":47}},"2":{"start":{"line":3,"column":0},"end":{"line":3,"column":52}},"3":{"start":{"line":4,"column":0},"end":{"line":4,"column":52}},"4":{"start":{"line":6,"column":0},"end":{"line":6,"column":67}},"5":{"start":{"line":10,"column":0},"end":{"line":32,"column":null}},"6":{"start":{"line":15,"column":4},"end":{"line":19,"column":7}},"7":{"start":{"line":14,"column":31},"end":{"line":14,"column":46}},"8":{"start":{"line":26,"column":4},"end":{"line":30,"column":6}},"9":{"start":{"line":10,"column":13},"end":{"line":32,"column":null}},"10":{"start":{"line":10,"column":13},"end":{"line":10,"column":28}}},"fnMap":{"0":{"name":"(anonymous_2)","decl":{"start":{"line":14,"column":2},"end":{"line":14,"column":31}},"loc":{"start":{"line":14,"column":59},"end":{"line":20,"column":3}}},"1":{"name":"(anonymous_3)","decl":{"start":{"line":23,"column":2},"end":{"line":23,"column":7}},"loc":{"start":{"line":23,"column":29},"end":{"line":31,"column":3}}}},"branchMap":{},"s":{"0":0,"1":0,"2":0,"3":0,"4":0,"5":0,"6":0,"7":0,"8":0,"9":0,"10":0},"f":{"0":0,"1":0},"b":{}}
,"/Users/sivan.payyadakath/Documents/nestjs-starter-rest-api/src/auth/strategies/jwt-refresh.strategy.ts": {"path":"/Users/sivan.payyadakath/Documents/nestjs-starter-rest-api/src/auth/strategies/jwt-refresh.strategy.ts","statementMap":{"0":{"start":{"line":1,"column":0},"end":{"line":1,"column":44}},"1":{"start":{"line":2,"column":0},"end":{"line":2,"column":47}},"2":{"start":{"line":3,"column":0},"end":{"line":3,"column":52}},"3":{"start":{"line":4,"column":0},"end":{"line":4,"column":52}},"4":{"start":{"line":7,"column":0},"end":{"line":7,"column":70}},"5":{"start":{"line":10,"column":0},"end":{"line":28,"column":null}},"6":{"start":{"line":15,"column":4},"end":{"line":19,"column":7}},"7":{"start":{"line":14,"column":31},"end":{"line":14,"column":46}},"8":{"start":{"line":26,"column":4},"end":{"line":26,"column":31}},"9":{"start":{"line":10,"column":13},"end":{"line":28,"column":null}},"10":{"start":{"line":10,"column":13},"end":{"line":10,"column":31}}},"fnMap":{"0":{"name":"(anonymous_2)","decl":{"start":{"line":14,"column":2},"end":{"line":14,"column":31}},"loc":{"start":{"line":14,"column":59},"end":{"line":20,"column":3}}},"1":{"name":"(anonymous_3)","decl":{"start":{"line":23,"column":2},"end":{"line":23,"column":7}},"loc":{"start":{"line":23,"column":29},"end":{"line":27,"column":3}}}},"branchMap":{},"s":{"0":0,"1":0,"2":0,"3":0,"4":0,"5":0,"6":0,"7":0,"8":0,"9":0,"10":0},"f":{"0":0,"1":0},"b":{}}
,"/Users/sivan.payyadakath/Documents/nestjs-starter-rest-api/src/auth/strategies/local.strategy.ts": {"path":"/Users/sivan.payyadakath/Documents/nestjs-starter-rest-api/src/auth/strategies/local.strategy.ts","statementMap":{"0":{"start":{"line":1,"column":0},"end":{"line":1,"column":42}},"1":{"start":{"line":2,"column":0},"end":{"line":2,"column":52}},"2":{"start":{"line":3,"column":0},"end":{"line":3,"column":44}},"3":{"start":{"line":6,"column":0},"end":{"line":6,"column":55}},"4":{"start":{"line":7,"column":0},"end":{"line":7,"column":64}},"5":{"start":{"line":9,"column":0},"end":{"line":9,"column":63}},"6":{"start":{"line":10,"column":0},"end":{"line":10,"column":73}},"7":{"start":{"line":13,"column":26},"end":{"line":41,"column":null}},"8":{"start":{"line":19,"column":4},"end":{"line":23,"column":7}},"9":{"start":{"line":15,"column":12},"end":{"line":15,"column":25}},"10":{"start":{"line":16,"column":21},"end":{"line":16,"column":29}},"11":{"start":{"line":24,"column":4},"end":{"line":24,"column":47}},"12":{"start":{"line":32,"column":16},"end":{"line":32,"column":45}},"13":{"start":{"line":34,"column":4},"end":{"line":34,"column":61}},"14":{"start":{"line":36,"column":17},"end":{"line":36,"column":77}},"15":{"start":{"line":39,"column":4},"end":{"line":39,"column":16}},"16":{"start":{"line":13,"column":13},"end":{"line":41,"column":null}},"17":{"start":{"line":13,"column":13},"end":{"line":13,"column":26}}},"fnMap":{"0":{"name":"(anonymous_2)","decl":{"start":{"line":14,"column":2},"end":{"line":14,"column":null}},"loc":{"start":{"line":16,"column":38},"end":{"line":25,"column":3}}},"1":{"name":"(anonymous_3)","decl":{"start":{"line":27,"column":2},"end":{"line":27,"column":7}},"loc":{"start":{"line":30,"column":20},"end":{"line":40,"column":3}}}},"branchMap":{},"s":{"0":0,"1":0,"2":0,"3":0,"4":0,"5":0,"6":0,"7":0,"8":0,"9":0,"10":0,"11":0,"12":0,"13":0,"14":0,"15":0,"16":0,"17":0},"f":{"0":0,"1":0},"b":{}}
,"/Users/sivan.payyadakath/Documents/nestjs-starter-rest-api/src/shared/acl/acl.service.ts": {"path":"/Users/sivan.payyadakath/Documents/nestjs-starter-rest-api/src/shared/acl/acl.service.ts","statementMap":{"0":{"start":{"line":2,"column":0},"end":{"line":2,"column":43}},"1":{"start":{"line":11,"column":12},"end":{"line":11,"column":37}},"2":{"start":{"line":29,"column":9},"end":{"line":63,"column":4}},"3":{"start":{"line":30,"column":4},"end":{"line":62,"column":6}},"4":{"start":{"line":32,"column":26},"end":{"line":32,"column":31}},"5":{"start":{"line":34,"column":8},"end":{"line":58,"column":11}},"6":{"start":{"line":36,"column":10},"end":{"line":36,"column":39}},"7":{"start":{"line":36,"column":27},"end":{"line":36,"column":39}},"8":{"start":{"line":39,"column":27},"end":{"line":40,"column":null}},"9":{"start":{"line":40,"column":22},"end":{"line":40,"column":45}},"10":{"start":{"line":44,"column":10},"end":{"line":57,"column":13}},"11":{"start":{"line":46,"column":12},"end":{"line":46,"column":41}},"12":{"start":{"line":46,"column":29},"end":{"line":46,"column":41}},"13":{"start":{"line":50,"column":14},"end":{"line":51,"column":53}},"14":{"start":{"line":54,"column":12},"end":{"line":56,"column":79}},"15":{"start":{"line":60,"column":8},"end":{"line":60,"column":27}},"16":{"start":{"line":21,"column":4},"end":{"line":23,"column":46}},"17":{"start":{"line":7,"column":0},"end":{"line":7,"column":13}}},"fnMap":{"0":{"name":"(anonymous_0)","decl":{"start":{"line":7,"column":0},"end":{"line":7,"column":13}},"loc":{"start":{"line":7,"column":0},"end":{"line":64,"column":1}}},"1":{"name":"(anonymous_1)","decl":{"start":{"line":29,"column":20},"end":{"line":29,"column":21}},"loc":{"start":{"line":29,"column":42},"end":{"line":63,"column":3}}},"2":{"name":"(anonymous_2)","decl":{"start":{"line":31,"column":19},"end":{"line":31,"column":20}},"loc":{"start":{"line":31,"column":59},"end":{"line":61,"column":7}}},"3":{"name":"(anonymous_3)","decl":{"start":{"line":34,"column":28},"end":{"line":34,"column":29}},"loc":{"start":{"line":34,"column":42},"end":{"line":58,"column":9}}},"4":{"name":"(anonymous_4)","decl":{"start":{"line":40,"column":12},"end":{"line":40,"column":13}},"loc":{"start":{"line":40,"column":22},"end":{"line":40,"column":45}}},"5":{"name":"(anonymous_5)","decl":{"start":{"line":44,"column":27},"end":{"line":44,"column":28}},"loc":{"start":{"line":44,"column":39},"end":{"line":57,"column":11}}},"6":{"name":"(anonymous_6)","decl":{"start":{"line":16,"column":12},"end":{"line":16,"column":17}},"loc":{"start":{"line":19,"column":31},"end":{"line":24,"column":3}}}},"branchMap":{"0":{"loc":{"start":{"line":36,"column":10},"end":{"line":36,"column":39}},"type":"if","locations":[{"start":{"line":36,"column":10},"end":{"line":36,"column":39}},{"start":{"line":36,"column":10},"end":{"line":36,"column":39}}]},"1":{"loc":{"start":{"line":46,"column":12},"end":{"line":46,"column":41}},"type":"if","locations":[{"start":{"line":46,"column":12},"end":{"line":46,"column":41}},{"start":{"line":46,"column":12},"end":{"line":46,"column":41}}]},"2":{"loc":{"start":{"line":50,"column":14},"end":{"line":50,"column":46}},"type":"binary-expr","locations":[{"start":{"line":50,"column":14},"end":{"line":50,"column":46}},{"start":{"line":51,"column":14},"end":{"line":51,"column":53}}]},"3":{"loc":{"start":{"line":55,"column":14},"end":{"line":55,"column":33}},"type":"binary-expr","locations":[{"start":{"line":55,"column":14},"end":{"line":55,"column":33}},{"start":{"line":56,"column":15},"end":{"line":56,"column":36}},{"start":{"line":56,"column":40},"end":{"line":56,"column":77}}]},"4":{"loc":{"start":{"line":22,"column":8},"end":{"line":22,"column":59}},"type":"cond-expr","locations":[{"start":{"line":22,"column":8},"end":{"line":22,"column":59}},{"start":{"line":23,"column":8},"end":{"line":23,"column":45}}]}},"s":{"0":4,"1":29,"2":29,"3":22,"4":29,"5":29,"6":29,"7":0,"8":29,"9":77,"10":29,"11":44,"12":7,"13":37,"14":37,"15":29,"16":67,"17":4},"f":{"0":29,"1":22,"2":29,"3":29,"4":77,"5":44,"6":67},"b":{"0":[0,29],"1":[7,37],"2":[37,22],"3":[37,25,9],"4":[23,44]}}
,"/Users/sivan.payyadakath/Documents/nestjs-starter-rest-api/src/shared/acl/action.constant.ts": {"path":"/Users/sivan.payyadakath/Documents/nestjs-starter-rest-api/src/shared/acl/action.constant.ts","statementMap":{"0":{"start":{"line":4,"column":0},"end":{"line":4,"column":null}},"1":{"start":{"line":5,"column":2},"end":{"line":5,"column":null}},"2":{"start":{"line":6,"column":2},"end":{"line":6,"column":null}},"3":{"start":{"line":7,"column":2},"end":{"line":7,"column":null}},"4":{"start":{"line":8,"column":2},"end":{"line":8,"column":null}},"5":{"start":{"line":9,"column":2},"end":{"line":9,"column":null}},"6":{"start":{"line":10,"column":2},"end":{"line":10,"column":null}}},"fnMap":{"0":{"name":"(anonymous_0)","decl":{"start":{"line":4,"column":0},"end":{"line":4,"column":12}},"loc":{"start":{"line":4,"column":18},"end":{"line":11,"column":1}}}},"branchMap":{"0":{"loc":{"start":{"line":4,"column":12},"end":{"line":4,"column":18}},"type":"binary-expr","locations":[{"start":{"line":4,"column":12},"end":{"line":4,"column":18}},{"start":{"line":4,"column":12},"end":{"line":4,"column":null}}]}},"s":{"0":4,"1":4,"2":4,"3":4,"4":4,"5":4,"6":4},"f":{"0":4},"b":{"0":[4,4]}}
,"/Users/sivan.payyadakath/Documents/nestjs-starter-rest-api/src/shared/configs/configuration.ts": {"path":"/Users/sivan.payyadakath/Documents/nestjs-starter-rest-api/src/shared/configs/configuration.ts","statementMap":{"0":{"start":{"line":1,"column":0},"end":{"line":30,"column":3}},"1":{"start":{"line":1,"column":27},"end":{"line":30,"column":2}}},"fnMap":{"0":{"name":"(anonymous_0)","decl":{"start":{"line":1,"column":15},"end":{"line":1,"column":23}},"loc":{"start":{"line":1,"column":27},"end":{"line":30,"column":2}}}},"branchMap":{"0":{"loc":{"start":{"line":6,"column":32},"end":{"line":6,"column":65}},"type":"cond-expr","locations":[{"start":{"line":6,"column":32},"end":{"line":6,"column":65}},{"start":{"line":6,"column":68},"end":{"line":6,"column":77}}]}},"s":{"0":0,"1":0},"f":{"0":0},"b":{"0":[0,0]}}
,"/Users/sivan.payyadakath/Documents/nestjs-starter-rest-api/src/shared/configs/module-options.ts": {"path":"/Users/sivan.payyadakath/Documents/nestjs-starter-rest-api/src/shared/configs/module-options.ts","statementMap":{"0":{"start":{"line":1,"column":0},"end":{"line":1,"column":44}},"1":{"start":{"line":3,"column":0},"end":{"line":3,"column":33}},"2":{"start":{"line":5,"column":13},"end":{"line":24,"column":2}}},"fnMap":{},"branchMap":{},"s":{"0":0,"1":0,"2":0},"f":{},"b":{}}
,"/Users/sivan.payyadakath/Documents/nestjs-starter-rest-api/src/shared/constants/common.ts": {"path":"/Users/sivan.payyadakath/Documents/nestjs-starter-rest-api/src/shared/constants/common.ts","statementMap":{"0":{"start":{"line":1,"column":13},"end":{"line":1,"column":54}},"1":{"start":{"line":3,"column":13},"end":{"line":3,"column":60}},"2":{"start":{"line":5,"column":13},"end":{"line":5,"column":76}}},"fnMap":{},"branchMap":{},"s":{"0":7,"1":7,"2":7},"f":{},"b":{}}
,"/Users/sivan.payyadakath/Documents/nestjs-starter-rest-api/src/shared/constants/index.ts": {"path":"/Users/sivan.payyadakath/Documents/nestjs-starter-rest-api/src/shared/constants/index.ts","statementMap":{"0":{"start":{"line":1,"column":0},"end":{"line":1,"column":25}}},"fnMap":{},"branchMap":{},"s":{"0":7},"f":{},"b":{}}
,"/Users/sivan.payyadakath/Documents/nestjs-starter-rest-api/src/shared/dtos/base-api-response.dto.ts": {"path":"/Users/sivan.payyadakath/Documents/nestjs-starter-rest-api/src/shared/dtos/base-api-response.dto.ts","statementMap":{"0":{"start":{"line":1,"column":0},"end":{"line":1,"column":67}},"1":{"start":{"line":7,"column":2},"end":{"line":7,"column":null}},"2":{"start":{"line":3,"column":0},"end":{"line":3,"column":13}},"3":{"start":{"line":13,"column":4},"end":{"line":13,"column":null}},"4":{"start":{"line":17,"column":20},"end":{"line":17,"column":54}},"5":{"start":{"line":18,"column":2},"end":{"line":20,"column":5}},"6":{"start":{"line":22,"column":2},"end":{"line":22,"column":33}},"7":{"start":{"line":10,"column":0},"end":{"line":10,"column":16}},"8":{"start":{"line":27,"column":2},"end":{"line":27,"column":null}},"9":{"start":{"line":30,"column":2},"end":{"line":30,"column":null}},"10":{"start":{"line":33,"column":2},"end":{"line":33,"column":null}},"11":{"start":{"line":36,"column":2},"end":{"line":36,"column":null}},"12":{"start":{"line":39,"column":2},"end":{"line":39,"column":null}},"13":{"start":{"line":42,"column":2},"end":{"line":42,"column":null}},"14":{"start":{"line":45,"column":2},"end":{"line":45,"column":null}},"15":{"start":{"line":48,"column":2},"end":{"line":48,"column":null}},"16":{"start":{"line":25,"column":0},"end":{"line":25,"column":13}},"17":{"start":{"line":53,"column":2},"end":{"line":53,"column":null}},"18":{"start":{"line":51,"column":0},"end":{"line":51,"column":13}}},"fnMap":{"0":{"name":"SwaggerBaseApiResponse","decl":{"start":{"line":10,"column":16},"end":{"line":10,"column":38}},"loc":{"start":{"line":10,"column":49},"end":{"line":23,"column":1}}}},"branchMap":{"0":{"loc":{"start":{"line":17,"column":42},"end":{"line":17,"column":49}},"type":"cond-expr","locations":[{"start":{"line":17,"column":42},"end":{"line":17,"column":49}},{"start":{"line":17,"column":52},"end":{"line":17,"column":54}}]}},"s":{"0":3,"1":3,"2":3,"3":11,"4":11,"5":11,"6":11,"7":3,"8":3,"9":3,"10":3,"11":3,"12":3,"13":3,"14":3,"15":3,"16":3,"17":3,"18":3},"f":{"0":11},"b":{"0":[2,9]}}
,"/Users/sivan.payyadakath/Documents/nestjs-starter-rest-api/src/shared/dtos/pagination-params.dto.ts": {"path":"/Users/sivan.payyadakath/Documents/nestjs-starter-rest-api/src/shared/dtos/pagination-params.dto.ts","statementMap":{"0":{"start":{"line":1,"column":0},"end":{"line":1,"column":55}},"1":{"start":{"line":2,"column":0},"end":{"line":2,"column":46}},"2":{"start":{"line":3,"column":0},"end":{"line":3,"column":54}},"3":{"start":{"line":13,"column":2},"end":{"line":13,"column":14}},"4":{"start":{"line":22,"column":2},"end":{"line":22,"column":13}},"5":{"start":{"line":13,"column":2},"end":{"line":13,"column":null}},"6":{"start":{"line":12,"column":24},"end":{"line":12,"column":43}},"7":{"start":{"line":22,"column":2},"end":{"line":22,"column":null}},"8":{"start":{"line":21,"column":24},"end":{"line":21,"column":43}},"9":{"start":{"line":5,"column":0},"end":{"line":5,"column":13}}},"fnMap":{"0":{"name":"(anonymous_2)","decl":{"start":{"line":5,"column":0},"end":{"line":5,"column":13}},"loc":{"start":{"line":5,"column":0},"end":{"line":23,"column":1}}},"1":{"name":"(anonymous_3)","decl":{"start":{"line":12,"column":13},"end":{"line":12,"column":14}},"loc":{"start":{"line":12,"column":24},"end":{"line":12,"column":43}}},"2":{"name":"(anonymous_4)","decl":{"start":{"line":21,"column":13},"end":{"line":21,"column":14}},"loc":{"start":{"line":21,"column":24},"end":{"line":21,"column":43}}}},"branchMap":{},"s":{"0":2,"1":2,"2":2,"3":0,"4":0,"5":2,"6":0,"7":2,"8":0,"9":2},"f":{"0":0,"1":0,"2":0},"b":{}}
,"/Users/sivan.payyadakath/Documents/nestjs-starter-rest-api/src/shared/errors/base-api-error.ts": {"path":"/Users/sivan.payyadakath/Documents/nestjs-starter-rest-api/src/shared/errors/base-api-error.ts","statementMap":{"0":{"start":{"line":1,"column":0},"end":{"line":1,"column":47}},"1":{"start":{"line":14,"column":4},"end":{"line":14,"column":27}},"2":{"start":{"line":15,"column":4},"end":{"line":15,"column":34}},"3":{"start":{"line":16,"column":4},"end":{"line":16,"column":45}},"4":{"start":{"line":17,"column":4},"end":{"line":17,"column":27}},"5":{"start":{"line":3,"column":0},"end":{"line":3,"column":13}}},"fnMap":{"0":{"name":"(anonymous_0)","decl":{"start":{"line":7,"column":2},"end":{"line":7,"column":null}},"loc":{"start":{"line":11,"column":45},"end":{"line":18,"column":3}}}},"branchMap":{},"s":{"0":1,"1":0,"2":0,"3":0,"4":0,"5":1},"f":{"0":0},"b":{}}
,"/Users/sivan.payyadakath/Documents/nestjs-starter-rest-api/src/shared/filters/all-exceptions.filter.ts": {"path":"/Users/sivan.payyadakath/Documents/nestjs-starter-rest-api/src/shared/filters/all-exceptions.filter.ts","statementMap":{"0":{"start":{"line":1,"column":0},"end":{"line":1,"column":null}},"1":{"start":{"line":9,"column":0},"end":{"line":9,"column":47}},"2":{"start":{"line":11,"column":0},"end":{"line":11,"column":55}},"3":{"start":{"line":12,"column":0},"end":{"line":12,"column":53}},"4":{"start":{"line":13,"column":0},"end":{"line":13,"column":56}},"5":{"start":{"line":14,"column":0},"end":{"line":14,"column":63}},"6":{"start":{"line":17,"column":32},"end":{"line":93,"column":null}},"7":{"start":{"line":20,"column":12},"end":{"line":20,"column":20}},"8":{"start":{"line":21,"column":21},"end":{"line":21,"column":29}},"9":{"start":{"line":23,"column":4},"end":{"line":23,"column":53}},"10":{"start":{"line":27,"column":16},"end":{"line":27,"column":35}},"11":{"start":{"line":28,"column":25},"end":{"line":28,"column":50}},"12":{"start":{"line":29,"column":26},"end":{"line":29,"column":53}},"13":{"start":{"line":31,"column":17},"end":{"line":31,"column":24}},"14":{"start":{"line":32,"column":22},"end":{"line":32,"column":46}},"15":{"start":{"line":33,"column":22},"end":{"line":33,"column":58}},"16":{"start":{"line":34,"column":27},"end":{"line":34,"column":52}},"17":{"start":{"line":42,"column":29},"end":{"line":42,"column":33}},"18":{"start":{"line":46,"column":4},"end":{"line":61,"column":null}},"19":{"start":{"line":47,"column":6},"end":{"line":47,"column":41}},"20":{"start":{"line":48,"column":6},"end":{"line":48,"column":45}},"21":{"start":{"line":49,"column":6},"end":{"line":49,"column":34}},"22":{"start":{"line":50,"column":6},"end":{"line":50,"column":70}},"23":{"start":{"line":51,"column":6},"end":{"line":51,"column":61}},"24":{"start":{"line":52,"column":11},"end":{"line":61,"column":null}},"25":{"start":{"line":53,"column":6},"end":{"line":53,"column":41}},"26":{"start":{"line":54,"column":6},"end":{"line":54,"column":45}},"27":{"start":{"line":55,"column":6},"end":{"line":55,"column":34}},"28":{"start":{"line":56,"column":6},"end":{"line":56,"column":40}},"29":{"start":{"line":57,"column":11},"end":{"line":61,"column":null}},"30":{"start":{"line":58,"column":6},"end":{"line":58,"column":45}},"31":{"start":{"line":59,"column":6},"end":{"line":59,"column":34}},"32":{"start":{"line":60,"column":6},"end":{"line":60,"column":30}},"33":{"start":{"line":64,"column":4},"end":{"line":64,"column":64}},"34":{"start":{"line":65,"column":4},"end":{"line":65,"column":49}},"35":{"start":{"line":66,"column":4},"end":{"line":66,"column":49}},"36":{"start":{"line":69,"column":18},"end":{"line":79,"column":6}},"37":{"start":{"line":80,"column":4},"end":{"line":83,"column":7}},"38":{"start":{"line":86,"column":22},"end":{"line":86,"column":70}},"39":{"start":{"line":87,"column":4},"end":{"line":89,"column":null}},"40":{"start":{"line":88,"column":6},"end":{"line":88,"column":46}},"41":{"start":{"line":91,"column":4},"end":{"line":91,"column":43}},"42":{"start":{"line":17,"column":13},"end":{"line":93,"column":null}},"43":{"start":{"line":17,"column":13},"end":{"line":17,"column":32}}},"fnMap":{"0":{"name":"(anonymous_2)","decl":{"start":{"line":19,"column":2},"end":{"line":19,"column":null}},"loc":{"start":{"line":21,"column":38},"end":{"line":24,"column":3}}},"1":{"name":"(anonymous_3)","decl":{"start":{"line":26,"column":2},"end":{"line":26,"column":7}},"loc":{"start":{"line":26,"column":41},"end":{"line":92,"column":3}}}},"branchMap":{"0":{"loc":{"start":{"line":46,"column":4},"end":{"line":61,"column":null}},"type":"if","locations":[{"start":{"line":46,"column":4},"end":{"line":61,"column":null}},{"start":{"line":46,"column":4},"end":{"line":61,"column":null}}]},"1":{"loc":{"start":{"line":51,"column":16},"end":{"line":51,"column":33}},"type":"binary-expr","locations":[{"start":{"line":51,"column":16},"end":{"line":51,"column":33}},{"start":{"line":51,"column":37},"end":{"line":51,"column":60}}]},"2":{"loc":{"start":{"line":52,"column":11},"end":{"line":61,"column":null}},"type":"if","locations":[{"start":{"line":52,"column":11},"end":{"line":61,"column":null}},{"start":{"line":52,"column":11},"end":{"line":61,"column":null}}]},"3":{"loc":{"start":{"line":57,"column":11},"end":{"line":61,"column":null}},"type":"if","locations":[{"start":{"line":57,"column":11},"end":{"line":61,"column":null}},{"start":{"line":57,"column":11},"end":{"line":61,"column":null}}]},"4":{"loc":{"start":{"line":64,"column":17},"end":{"line":64,"column":27}},"type":"binary-expr","locations":[{"start":{"line":64,"column":17},"end":{"line":64,"column":27}},{"start":{"line":64,"column":31},"end":{"line":64,"column":63}}]},"5":{"loc":{"start":{"line":65,"column":16},"end":{"line":65,"column":25}},"type":"binary-expr","locations":[{"start":{"line":65,"column":16},"end":{"line":65,"column":25}},{"start":{"line":65,"column":29},"end":{"line":65,"column":48}}]},"6":{"loc":{"start":{"line":66,"column":14},"end":{"line":66,"column":21}},"type":"binary-expr","locations":[{"start":{"line":66,"column":14},"end":{"line":66,"column":21}},{"start":{"line":66,"column":25},"end":{"line":66,"column":48}}]},"7":{"loc":{"start":{"line":87,"column":4},"end":{"line":89,"column":null}},"type":"if","locations":[{"start":{"line":87,"column":4},"end":{"line":89,"column":null}},{"start":{"line":87,"column":4},"end":{"line":89,"column":null}}]},"8":{"loc":{"start":{"line":87,"column":8},"end":{"line":87,"column":17}},"type":"binary-expr","locations":[{"start":{"line":87,"column":8},"end":{"line":87,"column":17}},{"start":{"line":87,"column":21},"end":{"line":87,"column":68}}]}},"s":{"0":1,"1":1,"2":1,"3":1,"4":1,"5":1,"6":1,"7":11,"8":11,"9":11,"10":12,"11":12,"12":12,"13":12,"14":12,"15":12,"16":12,"17":12,"18":12,"19":0,"20":0,"21":0,"22":0,"23":0,"24":12,"25":6,"26":6,"27":6,"28":6,"29":6,"30":4,"31":4,"32":4,"33":12,"34":12,"35":12,"36":12,"37":12,"38":12,"39":12,"40":3,"41":12,"42":1,"43":1},"f":{"0":11,"1":12},"b":{"0":[0,12],"1":[0,0],"2":[6,6],"3":[4,2],"4":[12,6],"5":[12,2],"6":[12,2],"7":[3,9],"8":[12,4]}}
,"/Users/sivan.payyadakath/Documents/nestjs-starter-rest-api/src/shared/interceptors/logging.interceptor.ts": {"path":"/Users/sivan.payyadakath/Documents/nestjs-starter-rest-api/src/shared/interceptors/logging.interceptor.ts","statementMap":{"0":{"start":{"line":1,"column":0},"end":{"line":1,"column":null}},"1":{"start":{"line":8,"column":0},"end":{"line":8,"column":37}},"2":{"start":{"line":9,"column":0},"end":{"line":9,"column":53}},"3":{"start":{"line":10,"column":0},"end":{"line":10,"column":63}},"4":{"start":{"line":13,"column":31},"end":{"line":37,"column":null}},"5":{"start":{"line":14,"column":22},"end":{"line":14,"column":33}},"6":{"start":{"line":15,"column":4},"end":{"line":15,"column":55}},"7":{"start":{"line":19,"column":20},"end":{"line":19,"column":55}},"8":{"start":{"line":20,"column":19},"end":{"line":20,"column":33}},"9":{"start":{"line":21,"column":16},"end":{"line":21,"column":45}},"10":{"start":{"line":23,"column":16},"end":{"line":23,"column":26}},"11":{"start":{"line":24,"column":4},"end":{"line":35,"column":6}},"12":{"start":{"line":26,"column":25},"end":{"line":26,"column":61}},"13":{"start":{"line":27,"column":27},"end":{"line":27,"column":46}},"14":{"start":{"line":29,"column":29},"end":{"line":29,"column":45}},"15":{"start":{"line":31,"column":24},"end":{"line":31,"column":60}},"16":{"start":{"line":33,"column":8},"end":{"line":33,"column":66}},"17":{"start":{"line":13,"column":13},"end":{"line":37,"column":null}},"18":{"start":{"line":13,"column":13},"end":{"line":13,"column":31}}},"fnMap":{"0":{"name":"(anonymous_2)","decl":{"start":{"line":14,"column":2},"end":{"line":14,"column":22}},"loc":{"start":{"line":14,"column":42},"end":{"line":16,"column":3}}},"1":{"name":"(anonymous_3)","decl":{"start":{"line":18,"column":2},"end":{"line":18,"column":11}},"loc":{"start":{"line":18,"column":56},"end":{"line":36,"column":3}}},"2":{"name":"(anonymous_4)","decl":{"start":{"line":25,"column":10},"end":{"line":25,"column":13}},"loc":{"start":{"line":25,"column":15},"end":{"line":34,"column":7}}}},"branchMap":{},"s":{"0":1,"1":1,"2":1,"3":1,"4":1,"5":2,"6":2,"7":1,"8":1,"9":1,"10":1,"11":1,"12":0,"13":0,"14":0,"15":0,"16":0,"17":1,"18":1},"f":{"0":2,"1":1,"2":0},"b":{}}
,"/Users/sivan.payyadakath/Documents/nestjs-starter-rest-api/src/shared/logger/logger.service.ts": {"path":"/Users/sivan.payyadakath/Documents/nestjs-starter-rest-api/src/shared/logger/logger.service.ts","statementMap":{"0":{"start":{"line":1,"column":0},"end":{"line":1,"column":51}},"1":{"start":{"line":2,"column":0},"end":{"line":2,"column":59}},"2":{"start":{"line":6,"column":0},"end":{"line":99,"column":null}},"3":{"start":{"line":15,"column":4},"end":{"line":17,"column":7}},"4":{"start":{"line":11,"column":4},"end":{"line":11,"column":27}},"5":{"start":{"line":25,"column":22},"end":{"line":25,"column":46}},"6":{"start":{"line":27,"column":4},"end":{"line":33,"column":7}},"7":{"start":{"line":41,"column":22},"end":{"line":41,"column":46}},"8":{"start":{"line":43,"column":4},"end":{"line":49,"column":7}},"9":{"start":{"line":57,"column":22},"end":{"line":57,"column":46}},"10":{"start":{"line":59,"column":4},"end":{"line":65,"column":7}},"11":{"start":{"line":73,"column":22},"end":{"line":73,"column":46}},"12":{"start":{"line":75,"column":4},"end":{"line":81,"column":7}},"13":{"start":{"line":89,"column":22},"end":{"line":89,"column":46}},"14":{"start":{"line":91,"column":4},"end":{"line":97,"column":7}},"15":{"start":{"line":6,"column":13},"end":{"line":99,"column":null}},"16":{"start":{"line":6,"column":13},"end":{"line":6,"column":22}}},"fnMap":{"0":{"name":"(anonymous_2)","decl":{"start":{"line":14,"column":2},"end":{"line":14,"column":null}},"loc":{"start":{"line":14,"column":2},"end":{"line":18,"column":3}}},"1":{"name":"(anonymous_3)","decl":{"start":{"line":10,"column":9},"end":{"line":10,"column":19}},"loc":{"start":{"line":10,"column":35},"end":{"line":12,"column":3}}},"2":{"name":"(anonymous_4)","decl":{"start":{"line":20,"column":2},"end":{"line":20,"column":7}},"loc":{"start":{"line":23,"column":30},"end":{"line":34,"column":3}}},"3":{"name":"(anonymous_5)","decl":{"start":{"line":36,"column":2},"end":{"line":36,"column":6}},"loc":{"start":{"line":39,"column":30},"end":{"line":50,"column":3}}},"4":{"name":"(anonymous_6)","decl":{"start":{"line":52,"column":2},"end":{"line":52,"column":7}},"loc":{"start":{"line":55,"column":30},"end":{"line":66,"column":3}}},"5":{"name":"(anonymous_7)","decl":{"start":{"line":68,"column":2},"end":{"line":68,"column":9}},"loc":{"start":{"line":71,"column":30},"end":{"line":82,"column":3}}},"6":{"name":"(anonymous_8)","decl":{"start":{"line":84,"column":2},"end":{"line":84,"column":5}},"loc":{"start":{"line":87,"column":30},"end":{"line":98,"column":3}}}},"branchMap":{},"s":{"0":11,"1":11,"2":11,"3":3,"4":2,"5":0,"6":0,"7":0,"8":0,"9":0,"10":0,"11":0,"12":0,"13":0,"14":0,"15":11,"16":11},"f":{"0":3,"1":2,"2":0,"3":0,"4":0,"5":0,"6":0},"b":{}}
,"/Users/sivan.payyadakath/Documents/nestjs-starter-rest-api/src/shared/middlewares/request-id/request-id.middleware.ts": {"path":"/Users/sivan.payyadakath/Documents/nestjs-starter-rest-api/src/shared/middlewares/request-id/request-id.middleware.ts","statementMap":{"0":{"start":{"line":2,"column":0},"end":{"line":2,"column":46}},"1":{"start":{"line":3,"column":0},"end":{"line":3,"column":58}},"2":{"start":{"line":5,"column":13},"end":{"line":21,"column":2}},"3":{"start":{"line":11,"column":2},"end":{"line":16,"column":null}},"4":{"start":{"line":15,"column":4},"end":{"line":15,"column":52}},"5":{"start":{"line":19,"column":2},"end":{"line":19,"column":73}},"6":{"start":{"line":20,"column":2},"end":{"line":20,"column":9}}},"fnMap":{"0":{"name":"(anonymous_0)","decl":{"start":{"line":5,"column":35},"end":{"line":5,"column":null}},"loc":{"start":{"line":9,"column":10},"end":{"line":21,"column":1}}}},"branchMap":{"0":{"loc":{"start":{"line":11,"column":2},"end":{"line":16,"column":null}},"type":"if","locations":[{"start":{"line":11,"column":2},"end":{"line":16,"column":null}},{"start":{"line":11,"column":2},"end":{"line":16,"column":null}}]},"1":{"loc":{"start":{"line":12,"column":4},"end":{"line":12,"column":41}},"type":"binary-expr","locations":[{"start":{"line":12,"column":4},"end":{"line":12,"column":41}},{"start":{"line":13,"column":4},"end":{"line":13,"column":50}}]}},"s":{"0":0,"1":0,"2":0,"3":0,"4":0,"5":0,"6":0},"f":{"0":0},"b":{"0":[0,0],"1":[0,0]}}
,"/Users/sivan.payyadakath/Documents/nestjs-starter-rest-api/src/shared/request-context/req-context.decorator.ts": {"path":"/Users/sivan.payyadakath/Documents/nestjs-starter-rest-api/src/shared/request-context/req-context.decorator.ts","statementMap":{"0":{"start":{"line":1,"column":0},"end":{"line":1,"column":72}},"1":{"start":{"line":4,"column":0},"end":{"line":4,"column":46}},"2":{"start":{"line":6,"column":13},"end":{"line":12,"column":2}},"3":{"start":{"line":8,"column":20},"end":{"line":8,"column":51}},"4":{"start":{"line":10,"column":4},"end":{"line":10,"column":41}}},"fnMap":{"0":{"name":"(anonymous_0)","decl":{"start":{"line":7,"column":2},"end":{"line":7,"column":3}},"loc":{"start":{"line":7,"column":59},"end":{"line":11,"column":3}}}},"branchMap":{},"s":{"0":4,"1":4,"2":4,"3":0,"4":0},"f":{"0":0},"b":{}}
,"/Users/sivan.payyadakath/Documents/nestjs-starter-rest-api/src/shared/request-context/request-context.dto.ts": {"path":"/Users/sivan.payyadakath/Documents/nestjs-starter-rest-api/src/shared/request-context/request-context.dto.ts","statementMap":{"0":{"start":{"line":3,"column":0},"end":{"line":3,"column":13}}},"fnMap":{},"branchMap":{},"s":{"0":11},"f":{},"b":{}}
,"/Users/sivan.payyadakath/Documents/nestjs-starter-rest-api/src/shared/request-context/util/index.ts": {"path":"/Users/sivan.payyadakath/Documents/nestjs-starter-rest-api/src/shared/request-context/util/index.ts","statementMap":{"0":{"start":{"line":1,"column":0},"end":{"line":1,"column":49}},"1":{"start":{"line":4,"column":0},"end":{"line":4,"column":81}},"2":{"start":{"line":5,"column":0},"end":{"line":5,"column":null}},"3":{"start":{"line":9,"column":0},"end":{"line":9,"column":56}},"4":{"start":{"line":13,"column":14},"end":{"line":13,"column":34}},"5":{"start":{"line":14,"column":2},"end":{"line":14,"column":58}},"6":{"start":{"line":15,"column":2},"end":{"line":15,"column":24}},"7":{"start":{"line":16,"column":2},"end":{"line":18,"column":17}},"8":{"start":{"line":21,"column":2},"end":{"line":25,"column":11}},"9":{"start":{"line":27,"column":2},"end":{"line":27,"column":13}},"10":{"start":{"line":12,"column":0},"end":{"line":12,"column":16}}},"fnMap":{"0":{"name":"createRequestContext","decl":{"start":{"line":12,"column":16},"end":{"line":12,"column":36}},"loc":{"start":{"line":12,"column":53},"end":{"line":28,"column":1}}}},"branchMap":{"0":{"loc":{"start":{"line":17,"column":6},"end":{"line":17,"column":48}},"type":"cond-expr","locations":[{"start":{"line":17,"column":6},"end":{"line":17,"column":48}},{"start":{"line":18,"column":6},"end":{"line":18,"column":16}}]},"1":{"loc":{"start":{"line":22,"column":6},"end":{"line":24,"column":8}},"type":"cond-expr","locations":[{"start":{"line":22,"column":6},"end":{"line":24,"column":8}},{"start":{"line":25,"column":6},"end":{"line":25,"column":10}}]}},"s":{"0":7,"1":7,"2":7,"3":7,"4":14,"5":14,"6":14,"7":14,"8":14,"9":14,"10":7},"f":{"0":14},"b":{"0":[1,13],"1":[1,13]}}
,"/Users/sivan.payyadakath/Documents/nestjs-starter-rest-api/src/user/controllers/user.controller.ts": {"path":"/Users/sivan.payyadakath/Documents/nestjs-starter-rest-api/src/user/controllers/user.controller.ts","statementMap":{"0":{"start":{"line":1,"column":0},"end":{"line":1,"column":null}},"1":{"start":{"line":13,"column":0},"end":{"line":13,"column":75}},"2":{"start":{"line":15,"column":0},"end":{"line":15,"column":55}},"3":{"start":{"line":17,"column":0},"end":{"line":17,"column":64}},"4":{"start":{"line":18,"column":0},"end":{"line":18,"column":59}},"5":{"start":{"line":19,"column":0},"end":{"line":19,"column":61}},"6":{"start":{"line":20,"column":0},"end":{"line":20,"column":null}},"7":{"start":{"line":25,"column":0},"end":{"line":25,"column":78}},"8":{"start":{"line":26,"column":0},"end":{"line":26,"column":53}},"9":{"start":{"line":27,"column":0},"end":{"line":27,"column":58}},"10":{"start":{"line":28,"column":0},"end":{"line":28,"column":64}},"11":{"start":{"line":29,"column":0},"end":{"line":29,"column":63}},"12":{"start":{"line":30,"column":0},"end":{"line":30,"column":82}},"13":{"start":{"line":31,"column":0},"end":{"line":31,"column":80}},"14":{"start":{"line":34,"column":27},"end":{"line":145,"column":null}},"15":{"start":{"line":36,"column":21},"end":{"line":36,"column":34}},"16":{"start":{"line":37,"column":21},"end":{"line":37,"column":29}},"17":{"start":{"line":39,"column":4},"end":{"line":39,"column":48}},"18":{"start":{"line":59,"column":4},"end":{"line":59,"column":65}},"19":{"start":{"line":61,"column":17},"end":{"line":61,"column":66}},"20":{"start":{"line":62,"column":4},"end":{"line":62,"column":36}},"21":{"start":{"line":84,"column":4},"end":{"line":84,"column":61}},"22":{"start":{"line":86,"column":29},"end":{"line":89,"column":null}},"23":{"start":{"line":92,"column":4},"end":{"line":92,"column":44}},"24":{"start":{"line":114,"column":4},"end":{"line":114,"column":60}},"25":{"start":{"line":116,"column":17},"end":{"line":116,"column":60}},"26":{"start":{"line":117,"column":4},"end":{"line":117,"column":36}},"27":{"start":{"line":140,"column":4},"end":{"line":140,"column":63}},"28":{"start":{"line":142,"column":17},"end":{"line":142,"column":70}},"29":{"start":{"line":143,"column":4},"end":{"line":143,"column":36}},"30":{"start":{"line":56,"column":2},"end":{"line":63,"column":null}},"31":{"start":{"line":80,"column":2},"end":{"line":93,"column":null}},"32":{"start":{"line":110,"column":2},"end":{"line":118,"column":null}},"33":{"start":{"line":135,"column":2},"end":{"line":144,"column":null}},"34":{"start":{"line":34,"column":13},"end":{"line":145,"column":null}},"35":{"start":{"line":34,"column":13},"end":{"line":34,"column":27}}},"fnMap":{"0":{"name":"(anonymous_4)","decl":{"start":{"line":35,"column":2},"end":{"line":35,"column":null}},"loc":{"start":{"line":37,"column":38},"end":{"line":40,"column":3}}},"1":{"name":"(anonymous_5)","decl":{"start":{"line":56,"column":2},"end":{"line":56,"column":7}},"loc":{"start":{"line":57,"column":37},"end":{"line":63,"column":3}}},"2":{"name":"(anonymous_6)","decl":{"start":{"line":80,"column":2},"end":{"line":80,"column":7}},"loc":{"start":{"line":82,"column":39},"end":{"line":93,"column":3}}},"3":{"name":"(anonymous_7)","decl":{"start":{"line":110,"column":2},"end":{"line":110,"column":7}},"loc":{"start":{"line":112,"column":27},"end":{"line":118,"column":3}}},"4":{"name":"(anonymous_8)","decl":{"start":{"line":135,"column":2},"end":{"line":135,"column":7}},"loc":{"start":{"line":138,"column":34},"end":{"line":144,"column":3}}}},"branchMap":{},"s":{"0":1,"1":1,"2":1,"3":1,"4":1,"5":1,"6":1,"7":1,"8":1,"9":1,"10":1,"11":1,"12":1,"13":1,"14":1,"15":4,"16":4,"17":4,"18":0,"19":0,"20":0,"21":1,"22":1,"23":1,"24":1,"25":1,"26":1,"27":1,"28":1,"29":1,"30":1,"31":1,"32":1,"33":1,"34":1,"35":1},"f":{"0":4,"1":0,"2":1,"3":1,"4":1},"b":{}}
,"/Users/sivan.payyadakath/Documents/nestjs-starter-rest-api/src/user/dtos/user-create-input.dto.ts": {"path":"/Users/sivan.payyadakath/Documents/nestjs-starter-rest-api/src/user/dtos/user-create-input.dto.ts","statementMap":{"0":{"start":{"line":1,"column":0},"end":{"line":1,"column":67}},"1":{"start":{"line":2,"column":0},"end":{"line":2,"column":null}},"2":{"start":{"line":16,"column":0},"end":{"line":16,"column":58}},"3":{"start":{"line":23,"column":2},"end":{"line":23,"column":null}},"4":{"start":{"line":29,"column":2},"end":{"line":29,"column":null}},"5":{"start":{"line":35,"column":2},"end":{"line":35,"column":null}},"6":{"start":{"line":41,"column":2},"end":{"line":41,"column":null}},"7":{"start":{"line":47,"column":2},"end":{"line":47,"column":null}},"8":{"start":{"line":51,"column":2},"end":{"line":51,"column":null}},"9":{"start":{"line":18,"column":0},"end":{"line":18,"column":13}}},"fnMap":{},"branchMap":{},"s":{"0":0,"1":0,"2":0,"3":0,"4":0,"5":0,"6":0,"7":0,"8":0,"9":0},"f":{},"b":{}}
,"/Users/sivan.payyadakath/Documents/nestjs-starter-rest-api/src/user/dtos/user-output.dto.ts": {"path":"/Users/sivan.payyadakath/Documents/nestjs-starter-rest-api/src/user/dtos/user-output.dto.ts","statementMap":{"0":{"start":{"line":1,"column":0},"end":{"line":1,"column":46}},"1":{"start":{"line":2,"column":0},"end":{"line":2,"column":43}},"2":{"start":{"line":4,"column":0},"end":{"line":4,"column":58}},"3":{"start":{"line":9,"column":2},"end":{"line":9,"column":null}},"4":{"start":{"line":13,"column":2},"end":{"line":13,"column":null}},"5":{"start":{"line":17,"column":2},"end":{"line":17,"column":null}},"6":{"start":{"line":21,"column":2},"end":{"line":21,"column":null}},"7":{"start":{"line":25,"column":2},"end":{"line":25,"column":null}},"8":{"start":{"line":29,"column":2},"end":{"line":29,"column":null}},"9":{"start":{"line":33,"column":2},"end":{"line":33,"column":null}},"10":{"start":{"line":37,"column":2},"end":{"line":37,"column":null}},"11":{"start":{"line":6,"column":0},"end":{"line":6,"column":13}}},"fnMap":{},"branchMap":{},"s":{"0":6,"1":6,"2":6,"3":6,"4":6,"5":6,"6":6,"7":6,"8":6,"9":6,"10":6,"11":6},"f":{},"b":{}}
,"/Users/sivan.payyadakath/Documents/nestjs-starter-rest-api/src/user/dtos/user-update-input.dto.ts": {"path":"/Users/sivan.payyadakath/Documents/nestjs-starter-rest-api/src/user/dtos/user-update-input.dto.ts","statementMap":{"0":{"start":{"line":1,"column":0},"end":{"line":1,"column":54}},"1":{"start":{"line":2,"column":0},"end":{"line":2,"column":null}},"2":{"start":{"line":16,"column":2},"end":{"line":16,"column":null}},"3":{"start":{"line":23,"column":2},"end":{"line":23,"column":null}},"4":{"start":{"line":10,"column":0},"end":{"line":10,"column":13}}},"fnMap":{},"branchMap":{},"s":{"0":1,"1":1,"2":1,"3":1,"4":1},"f":{},"b":{}}
,"/Users/sivan.payyadakath/Documents/nestjs-starter-rest-api/src/user/entities/user.entity.ts": {"path":"/Users/sivan.payyadakath/Documents/nestjs-starter-rest-api/src/user/entities/user.entity.ts","statementMap":{"0":{"start":{"line":1,"column":0},"end":{"line":1,"column":null}},"1":{"start":{"line":11,"column":0},"end":{"line":11,"column":64}},"2":{"start":{"line":14,"column":0},"end":{"line":46,"column":null}},"3":{"start":{"line":16,"column":2},"end":{"line":16,"column":null}},"4":{"start":{"line":19,"column":2},"end":{"line":19,"column":null}},"5":{"start":{"line":22,"column":2},"end":{"line":22,"column":null}},"6":{"start":{"line":26,"column":2},"end":{"line":26,"column":null}},"7":{"start":{"line":29,"column":2},"end":{"line":29,"column":null}},"8":{"start":{"line":32,"column":2},"end":{"line":32,"column":null}},"9":{"start":{"line":36,"column":2},"end":{"line":36,"column":null}},"10":{"start":{"line":39,"column":2},"end":{"line":39,"column":null}},"11":{"start":{"line":42,"column":2},"end":{"line":42,"column":null}},"12":{"start":{"line":45,"column":2},"end":{"line":45,"column":null}},"13":{"start":{"line":44,"column":19},"end":{"line":44,"column":26}},"14":{"start":{"line":44,"column":41},"end":{"line":44,"column":55}},"15":{"start":{"line":14,"column":13},"end":{"line":46,"column":null}},"16":{"start":{"line":14,"column":13},"end":{"line":14,"column":17}}},"fnMap":{"0":{"name":"(anonymous_2)","decl":{"start":{"line":44,"column":13},"end":{"line":44,"column":16}},"loc":{"start":{"line":44,"column":19},"end":{"line":44,"column":26}}},"1":{"name":"(anonymous_3)","decl":{"start":{"line":44,"column":28},"end":{"line":44,"column":29}},"loc":{"start":{"line":44,"column":41},"end":{"line":44,"column":55}}}},"branchMap":{},"s":{"0":8,"1":8,"2":8,"3":8,"4":8,"5":8,"6":8,"7":8,"8":8,"9":8,"10":8,"11":8,"12":8,"13":0,"14":0,"15":8,"16":8},"f":{"0":0,"1":0},"b":{}}
,"/Users/sivan.payyadakath/Documents/nestjs-starter-rest-api/src/user/repositories/user.repository.ts": {"path":"/Users/sivan.payyadakath/Documents/nestjs-starter-rest-api/src/user/repositories/user.repository.ts","statementMap":{"0":{"start":{"line":1,"column":0},"end":{"line":1,"column":51}},"1":{"start":{"line":2,"column":0},"end":{"line":2,"column":55}},"2":{"start":{"line":4,"column":0},"end":{"line":4,"column":47}},"3":{"start":{"line":7,"column":0},"end":{"line":16,"column":null}},"4":{"start":{"line":9,"column":17},"end":{"line":9,"column":39}},"5":{"start":{"line":10,"column":4},"end":{"line":12,"column":null}},"6":{"start":{"line":11,"column":6},"end":{"line":11,"column":36}},"7":{"start":{"line":14,"column":4},"end":{"line":14,"column":16}},"8":{"start":{"line":7,"column":13},"end":{"line":16,"column":null}},"9":{"start":{"line":7,"column":13},"end":{"line":7,"column":27}}},"fnMap":{"0":{"name":"(anonymous_1)","decl":{"start":{"line":8,"column":2},"end":{"line":8,"column":7}},"loc":{"start":{"line":8,"column":26},"end":{"line":15,"column":3}}}},"branchMap":{"0":{"loc":{"start":{"line":10,"column":4},"end":{"line":12,"column":null}},"type":"if","locations":[{"start":{"line":10,"column":4},"end":{"line":12,"column":null}},{"start":{"line":10,"column":4},"end":{"line":12,"column":null}}]}},"s":{"0":7,"1":7,"2":7,"3":7,"4":3,"5":3,"6":1,"7":2,"8":7,"9":7},"f":{"0":3},"b":{"0":[1,2]}}
,"/Users/sivan.payyadakath/Documents/nestjs-starter-rest-api/src/user/services/user-acl.service.ts": {"path":"/Users/sivan.payyadakath/Documents/nestjs-starter-rest-api/src/user/services/user-acl.service.ts","statementMap":{"0":{"start":{"line":1,"column":0},"end":{"line":1,"column":44}},"1":{"start":{"line":2,"column":0},"end":{"line":2,"column":60}},"2":{"start":{"line":3,"column":0},"end":{"line":3,"column":60}},"3":{"start":{"line":5,"column":0},"end":{"line":5,"column":62}},"4":{"start":{"line":9,"column":0},"end":{"line":23,"column":null}},"5":{"start":{"line":11,"column":4},"end":{"line":11,"column":12}},"6":{"start":{"line":13,"column":4},"end":{"line":13,"column":44}},"7":{"start":{"line":15,"column":4},"end":{"line":15,"column":41}},"8":{"start":{"line":17,"column":4},"end":{"line":17,"column":62}},"9":{"start":{"line":21,"column":4},"end":{"line":21,"column":36}},"10":{"start":{"line":9,"column":13},"end":{"line":23,"column":null}},"11":{"start":{"line":9,"column":13},"end":{"line":9,"column":27}}},"fnMap":{"0":{"name":"(anonymous_2)","decl":{"start":{"line":10,"column":2},"end":{"line":10,"column":null}},"loc":{"start":{"line":10,"column":2},"end":{"line":18,"column":3}}},"1":{"name":"(anonymous_3)","decl":{"start":{"line":20,"column":2},"end":{"line":20,"column":14}},"loc":{"start":{"line":20,"column":43},"end":{"line":22,"column":3}}}},"branchMap":{},"s":{"0":1,"1":1,"2":1,"3":1,"4":1,"5":7,"6":7,"7":7,"8":7,"9":2,"10":1,"11":1},"f":{"0":7,"1":2},"b":{}}
,"/Users/sivan.payyadakath/Documents/nestjs-starter-rest-api/src/user/services/user.service.ts": {"path":"/Users/sivan.payyadakath/Documents/nestjs-starter-rest-api/src/user/services/user.service.ts","statementMap":{"0":{"start":{"line":1,"column":0},"end":{"line":1,"column":67}},"1":{"start":{"line":2,"column":0},"end":{"line":2,"column":39}},"2":{"start":{"line":3,"column":0},"end":{"line":3,"column":49}},"3":{"start":{"line":5,"column":0},"end":{"line":5,"column":65}},"4":{"start":{"line":7,"column":0},"end":{"line":7,"column":47}},"5":{"start":{"line":10,"column":0},"end":{"line":10,"column":53}},"6":{"start":{"line":12,"column":0},"end":{"line":12,"column":63}},"7":{"start":{"line":16,"column":24},"end":{"line":145,"column":null}},"8":{"start":{"line":18,"column":12},"end":{"line":18,"column":24}},"9":{"start":{"line":19,"column":21},"end":{"line":19,"column":29}},"10":{"start":{"line":21,"column":4},"end":{"line":21,"column":45}},"11":{"start":{"line":27,"column":4},"end":{"line":27,"column":63}},"12":{"start":{"line":29,"column":17},"end":{"line":29,"column":42}},"13":{"start":{"line":31,"column":4},"end":{"line":31,"column":51}},"14":{"start":{"line":33,"column":4},"end":{"line":33,"column":68}},"15":{"start":{"line":34,"column":4},"end":{"line":34,"column":37}},"16":{"start":{"line":36,"column":4},"end":{"line":38,"column":7}},"17":{"start":{"line":46,"column":4},"end":{"line":46,"column":77}},"18":{"start":{"line":48,"column":4},"end":{"line":48,"column":67}},"19":{"start":{"line":49,"column":17},"end":{"line":49,"column":60}},"20":{"start":{"line":50,"column":4},"end":{"line":50,"column":49}},"21":{"start":{"line":50,"column":15},"end":{"line":50,"column":49}},"22":{"start":{"line":52,"column":18},"end":{"line":52,"column":52}},"23":{"start":{"line":53,"column":4},"end":{"line":53,"column":50}},"24":{"start":{"line":53,"column":16},"end":{"line":53,"column":50}},"25":{"start":{"line":55,"column":4},"end":{"line":57,"column":7}},"26":{"start":{"line":65,"column":4},"end":{"line":65,"column":61}},"27":{"start":{"line":67,"column":4},"end":{"line":67,"column":72}},"28":{"start":{"line":68,"column":27},"end":{"line":72,"column":6}},"29":{"start":{"line":74,"column":24},"end":{"line":76,"column":6}},"30":{"start":{"line":78,"column":4},"end":{"line":78,"column":41}},"31":{"start":{"line":82,"column":4},"end":{"line":82,"column":61}},"32":{"start":{"line":84,"column":4},"end":{"line":84,"column":67}},"33":{"start":{"line":85,"column":17},"end":{"line":85,"column":50}},"34":{"start":{"line":87,"column":4},"end":{"line":89,"column":7}},"35":{"start":{"line":93,"column":4},"end":{"line":93,"column":64}},"36":{"start":{"line":95,"column":4},"end":{"line":95,"column":67}},"37":{"start":{"line":96,"column":17},"end":{"line":96,"column":50}},"38":{"start":{"line":98,"column":4},"end":{"line":100,"column":7}},"39":{"start":{"line":107,"column":4},"end":{"line":107,"column":67}},"40":{"start":{"line":109,"column":4},"end":{"line":109,"column":67}},"41":{"start":{"line":110,"column":17},"end":{"line":110,"column":60}},"42":{"start":{"line":112,"column":4},"end":{"line":114,"column":7}},"43":{"start":{"line":122,"column":4},"end":{"line":122,"column":63}},"44":{"start":{"line":124,"column":4},"end":{"line":124,"column":67}},"45":{"start":{"line":125,"column":17},"end":{"line":125,"column":54}},"46":{"start":{"line":128,"column":4},"end":{"line":130,"column":null}},"47":{"start":{"line":129,"column":6},"end":{"line":129,"column":54}},"48":{"start":{"line":133,"column":21},"end":{"line":135,"column":null}},"49":{"start":{"line":138,"column":4},"end":{"line":138,"column":64}},"50":{"start":{"line":139,"column":4},"end":{"line":139,"column":44}},"51":{"start":{"line":141,"column":4},"end":{"line":143,"column":7}},"52":{"start":{"line":16,"column":13},"end":{"line":145,"column":null}},"53":{"start":{"line":16,"column":13},"end":{"line":16,"column":24}}},"fnMap":{"0":{"name":"(anonymous_2)","decl":{"start":{"line":17,"column":2},"end":{"line":17,"column":null}},"loc":{"start":{"line":19,"column":38},"end":{"line":22,"column":3}}},"1":{"name":"(anonymous_3)","decl":{"start":{"line":23,"column":2},"end":{"line":23,"column":7}},"loc":{"start":{"line":25,"column":26},"end":{"line":39,"column":3}}},"2":{"name":"(anonymous_4)","decl":{"start":{"line":41,"column":2},"end":{"line":41,"column":7}},"loc":{"start":{"line":44,"column":16},"end":{"line":58,"column":3}}},"3":{"name":"(anonymous_5)","decl":{"start":{"line":60,"column":2},"end":{"line":60,"column":7}},"loc":{"start":{"line":63,"column":18},"end":{"line":79,"column":3}}},"4":{"name":"(anonymous_6)","decl":{"start":{"line":81,"column":2},"end":{"line":81,"column":7}},"loc":{"start":{"line":81,"column":48},"end":{"line":90,"column":3}}},"5":{"name":"(anonymous_7)","decl":{"start":{"line":92,"column":2},"end":{"line":92,"column":7}},"loc":{"start":{"line":92,"column":51},"end":{"line":101,"column":3}}},"6":{"name":"(anonymous_8)","decl":{"start":{"line":103,"column":2},"end":{"line":103,"column":7}},"loc":{"start":{"line":105,"column":20},"end":{"line":115,"column":3}}},"7":{"name":"(anonymous_9)","decl":{"start":{"line":117,"column":2},"end":{"line":117,"column":7}},"loc":{"start":{"line":120,"column":26},"end":{"line":144,"column":3}}}},"branchMap":{"0":{"loc":{"start":{"line":50,"column":4},"end":{"line":50,"column":49}},"type":"if","locations":[{"start":{"line":50,"column":4},"end":{"line":50,"column":49}},{"start":{"line":50,"column":4},"end":{"line":50,"column":49}}]},"1":{"loc":{"start":{"line":53,"column":4},"end":{"line":53,"column":50}},"type":"if","locations":[{"start":{"line":53,"column":4},"end":{"line":53,"column":50}},{"start":{"line":53,"column":4},"end":{"line":53,"column":50}}]},"2":{"loc":{"start":{"line":128,"column":4},"end":{"line":130,"column":null}},"type":"if","locations":[{"start":{"line":128,"column":4},"end":{"line":130,"column":null}},{"start":{"line":128,"column":4},"end":{"line":130,"column":null}}]}},"s":{"0":6,"1":6,"2":6,"3":6,"4":6,"5":6,"6":6,"7":6,"8":17,"9":17,"10":17,"11":3,"12":3,"13":3,"14":3,"15":3,"16":3,"17":3,"18":3,"19":3,"20":3,"21":1,"22":2,"23":2,"24":1,"25":1,"26":1,"27":1,"28":1,"29":1,"30":1,"31":2,"32":2,"33":2,"34":2,"35":3,"36":3,"37":3,"38":2,"39":2,"40":2,"41":2,"42":2,"43":2,"44":2,"45":2,"46":1,"47":1,"48":1,"49":1,"50":1,"51":1,"52":6,"53":6},"f":{"0":17,"1":3,"2":3,"3":1,"4":2,"5":3,"6":2,"7":2},"b":{"0":[1,2],"1":[1,1],"2":[1,0]}}
}
