TN:
SF:src/app.controller.ts
FN:9,(anonymous_4)
FN:17,(anonymous_5)
FNF:2
FNH:2
FNDA:1,(anonymous_4)
FNDA:1,(anonymous_5)
DA:1,1
DA:2,1
DA:3,1
DA:4,1
DA:5,1
DA:8,1
DA:10,1
DA:11,1
DA:13,1
DA:17,1
DA:18,1
DA:20,1
LF:12
LH:12
BRF:0
BRH:0
end_of_record
TN:
SF:src/app.service.ts
FN:7,(anonymous_2)
FN:11,(anonymous_3)
FNF:2
FNH:2
FNDA:3,(anonymous_2)
FNDA:2,(anonymous_3)
DA:1,2
DA:2,2
DA:6,2
DA:7,3
DA:8,3
DA:12,2
DA:14,2
LF:7
LH:7
BRF:0
BRH:0
end_of_record
TN:
SF:src/cli.ts
FN:11,bootstrap
FNF:1
FNH:0
FNDA:0,bootstrap
DA:1,0
DA:2,0
DA:4,0
DA:6,0
DA:7,0
DA:9,0
DA:12,0
DA:14,0
DA:15,0
DA:19,0
DA:21,0
DA:30,0
DA:33,0
DA:34,0
DA:35,0
DA:38,0
DA:40,0
LF:17
LH:0
BRDA:34,0,0,0
BRDA:34,0,1,0
BRF:2
BRH:0
end_of_record
TN:
SF:src/main.ts
FN:10,bootstrap
FNF:1
FNH:0
FNDA:0,bootstrap
DA:1,0
DA:2,0
DA:3,0
DA:4,0
DA:6,0
DA:7,0
DA:8,0
DA:11,0
DA:12,0
DA:14,0
DA:15,0
DA:16,0
DA:19,0
DA:26,0
DA:27,0
DA:29,0
DA:30,0
DA:31,0
DA:33,0
LF:19
LH:0
BRF:0
BRH:0
end_of_record
TN:
SF:src/article/controllers/article.controller.ts
FN:42,(anonymous_4)
FN:60,(anonymous_5)
FN:79,(anonymous_6)
FN:108,(anonymous_7)
FN:129,(anonymous_8)
FN:151,(anonymous_9)
FNF:6
FNH:6
FNDA:8,(anonymous_4)
FNDA:3,(anonymous_5)
FNDA:1,(anonymous_6)
FNDA:1,(anonymous_7)
FNDA:1,(anonymous_8)
FNDA:1,(anonymous_9)
DA:1,1
DA:15,1
DA:22,1
DA:23,1
DA:28,1
DA:32,1
DA:33,1
DA:34,1
DA:35,1
DA:36,1
DA:37,1
DA:41,1
DA:43,8
DA:44,8
DA:46,8
DA:60,1
DA:64,3
DA:65,2
DA:79,1
DA:83,1
DA:85,1
DA:91,1
DA:108,1
DA:112,1
DA:114,1
DA:115,1
DA:129,1
DA:134,1
DA:139,1
DA:151,1
DA:155,1
DA:157,1
LF:32
LH:32
BRF:0
BRH:0
end_of_record
TN:
SF:src/article/dtos/article-input.dto.ts
FNF:0
FNH:0
DA:1,2
DA:3,2
DA:5,2
DA:9,2
DA:14,2
DA:17,2
DA:22,2
DA:28,2
LF:8
LH:8
BRF:0
BRH:0
end_of_record
TN:
SF:src/article/dtos/article-output.dto.ts
FN:29,(anonymous_2)
FNF:1
FNH:1
FNDA:3,(anonymous_2)
DA:1,2
DA:3,2
DA:5,2
DA:7,2
DA:10,2
DA:14,2
DA:18,2
DA:22,2
DA:26,2
DA:29,3
DA:31,2
LF:11
LH:11
BRF:0
BRH:0
end_of_record
TN:
SF:src/article/dtos/author-output.dto.ts
FNF:0
FNH:0
DA:1,2
DA:3,2
DA:5,2
DA:8,2
DA:12,2
LF:5
LH:5
BRF:0
BRH:0
end_of_record
TN:
SF:src/article/entities/article.entity.ts
FN:29,(anonymous_2)
FN:29,(anonymous_3)
FNF:2
FNH:0
FNDA:0,(anonymous_2)
FNDA:0,(anonymous_3)
DA:1,8
DA:10,8
DA:13,8
DA:15,8
DA:18,8
DA:21,8
DA:24,8
DA:27,8
DA:29,0
DA:32,8
LF:10
LH:9
BRF:0
BRH:0
end_of_record
TN:
SF:src/article/repositories/article.repository.ts
FN:9,(anonymous_1)
FNF:1
FNH:1
FNDA:3,(anonymous_1)
DA:1,3
DA:3,3
DA:5,3
DA:8,3
DA:10,3
DA:11,3
DA:12,1
DA:15,2
LF:8
LH:8
BRDA:11,0,0,1
BRDA:11,0,1,2
BRF:2
BRH:2
end_of_record
TN:
SF:src/article/services/article-acl.service.ts
FN:11,(anonymous_2)
FN:18,(anonymous_3)
FNF:2
FNH:2
FNDA:13,(anonymous_2)
FNDA:5,(anonymous_3)
DA:1,2
DA:3,2
DA:4,2
DA:5,2
DA:10,2
DA:12,13
DA:13,13
DA:14,13
DA:15,13
DA:19,5
LF:10
LH:10
BRF:0
BRH:0
end_of_record
TN:
SF:src/article/services/article.service.ts
FN:22,(anonymous_2)
FN:31,(anonymous_3)
FN:60,(anonymous_4)
FN:88,(anonymous_5)
FN:111,(anonymous_6)
FN:143,(anonymous_7)
FNF:6
FNH:6
FNDA:13,(anonymous_2)
FNDA:2,(anonymous_3)
FNDA:2,(anonymous_4)
FNDA:2,(anonymous_5)
FNDA:3,(anonymous_6)
FNDA:3,(anonymous_7)
DA:1,2
DA:3,2
DA:5,2
DA:7,2
DA:8,2
DA:13,2
DA:14,2
DA:15,2
DA:16,2
DA:18,2
DA:21,2
DA:23,13
DA:24,13
DA:25,13
DA:26,13
DA:28,13
DA:35,2
DA:37,2
DA:39,2
DA:41,2
DA:43,2
DA:46,2
DA:47,0
DA:50,2
DA:52,2
DA:53,2
DA:55,2
DA:65,2
DA:67,2
DA:69,2
DA:70,2
DA:71,0
DA:74,2
DA:75,2
DA:81,2
DA:85,2
DA:92,2
DA:94,2
DA:96,2
DA:97,2
DA:99,1
DA:102,1
DA:103,0
DA:106,1
DA:116,3
DA:118,3
DA:119,3
DA:121,3
DA:123,3
DA:126,3
DA:127,1
DA:130,2
DA:135,2
DA:136,2
DA:138,2
DA:144,3
DA:146,3
DA:147,3
DA:149,2
DA:151,2
DA:154,2
DA:155,1
DA:158,1
DA:159,1
LF:64
LH:61
BRDA:46,0,0,0
BRDA:46,0,1,2
BRDA:70,1,0,0
BRDA:70,1,1,2
BRDA:102,2,0,0
BRDA:102,2,1,1
BRDA:126,3,0,1
BRDA:126,3,1,2
BRDA:154,4,0,1
BRDA:154,4,1,1
BRF:10
BRH:7
end_of_record
TN:
SF:src/auth/constants/role.constant.ts
FN:1,(anonymous_0)
FNF:1
FNH:1
FNDA:9,(anonymous_0)
DA:1,9
DA:2,9
DA:3,9
LF:3
LH:3
BRDA:1,0,0,9
BRDA:1,0,1,9
BRF:2
BRH:2
end_of_record
TN:
SF:src/auth/constants/strategy.constant.ts
FNF:0
FNH:0
DA:1,3
DA:2,3
DA:3,3
LF:3
LH:3
BRF:0
BRH:0
end_of_record
TN:
SF:src/auth/controllers/auth.controller.ts
FN:33,(anonymous_4)
FN:54,(anonymous_5)
FN:73,(anonymous_6)
FN:96,(anonymous_7)
FNF:4
FNH:4
FNDA:4,(anonymous_4)
FNDA:1,(anonymous_5)
FNDA:1,(anonymous_6)
FNDA:1,(anonymous_7)
DA:1,1
DA:11,1
DA:13,1
DA:14,1
DA:15,1
DA:16,1
DA:17,1
DA:18,1
DA:19,1
DA:20,1
DA:21,1
DA:26,1
DA:27,1
DA:28,1
DA:32,1
DA:34,4
DA:35,4
DA:37,4
DA:54,1
DA:59,1
DA:61,1
DA:62,1
DA:73,1
DA:77,1
DA:78,1
DA:96,1
DA:101,1
DA:103,1
DA:104,1
LF:29
LH:29
BRF:0
BRH:0
end_of_record
TN:
SF:src/auth/decorators/role.decorator.ts
FN:6,(anonymous_0)
FNF:1
FNH:1
FNDA:1,(anonymous_0)
DA:1,1
DA:5,1
DA:6,1
DA:7,1
LF:4
LH:4
BRF:0
BRH:0
end_of_record
TN:
SF:src/auth/dtos/auth-login-input.dto.ts
FNF:0
FNH:0
DA:1,1
DA:2,1
DA:4,1
DA:9,1
DA:14,1
LF:5
LH:5
BRF:0
BRH:0
end_of_record
TN:
SF:src/auth/dtos/auth-refresh-token-input.dto.ts
FNF:0
FNH:0
DA:1,1
DA:2,1
DA:4,1
DA:7,1
LF:4
LH:4
BRF:0
BRH:0
end_of_record
TN:
SF:src/auth/dtos/auth-register-input.dto.ts
FN:11,(anonymous_2)
FNF:1
FNH:1
FNDA:1,(anonymous_2)
DA:1,1
DA:8,1
DA:9,1
DA:11,1
DA:16,1
DA:21,1
DA:27,1
DA:33,1
DA:36,1
LF:9
LH:9
BRF:0
BRH:0
end_of_record
TN:
SF:src/auth/dtos/auth-register-output.dto.ts
FNF:0
FNH:0
DA:1,2
DA:2,2
DA:4,2
DA:6,2
DA:9,2
DA:13,2
DA:17,2
DA:21,2
DA:25,2
DA:29,2
DA:33,2
DA:37,2
LF:12
LH:12
BRF:0
BRH:0
end_of_record
TN:
SF:src/auth/dtos/auth-token-output.dto.ts
FNF:0
FNH:0
DA:1,8
DA:2,8
DA:6,8
DA:9,8
DA:13,8
DA:16,8
DA:18,8
DA:20,8
DA:22,8
DA:25,8
LF:10
LH:10
BRF:0
BRH:0
end_of_record
TN:
SF:src/auth/guards/jwt-auth.guard.ts
FN:13,(anonymous_1)
FN:22,(anonymous_2)
FNF:2
FNH:0
FNDA:0,(anonymous_1)
FNDA:0,(anonymous_2)
DA:1,2
DA:6,2
DA:9,2
DA:12,2
DA:18,0
DA:24,0
DA:25,0
DA:27,0
LF:8
LH:4
BRDA:24,0,0,0
BRDA:24,0,1,0
BRDA:24,1,0,0
BRDA:24,1,1,0
BRDA:25,2,0,0
BRDA:25,2,1,0
BRF:6
BRH:0
end_of_record
TN:
SF:src/auth/guards/jwt-refresh.guard.ts
FN:13,(anonymous_1)
FN:22,(anonymous_2)
FNF:2
FNH:0
FNDA:0,(anonymous_1)
FNDA:0,(anonymous_2)
DA:1,1
DA:6,1
DA:9,1
DA:12,1
DA:18,0
DA:24,0
DA:25,0
DA:27,0
LF:8
LH:4
BRDA:24,0,0,0
BRDA:24,0,1,0
BRDA:24,1,0,0
BRDA:24,1,1,0
BRDA:25,2,0,0
BRDA:25,2,1,0
BRF:6
BRH:0
end_of_record
TN:
SF:src/auth/guards/local-auth.guard.ts
FNF:0
FNH:0
DA:1,1
DA:2,1
DA:4,1
DA:7,1
LF:4
LH:4
BRF:0
BRH:0
end_of_record
TN:
SF:src/auth/guards/roles.guard.ts
FN:14,(anonymous_2)
FN:16,(anonymous_3)
FN:27,(anonymous_4)
FNF:3
FNH:1
FNDA:4,(anonymous_2)
FNDA:0,(anonymous_3)
FNDA:0,(anonymous_4)
DA:1,1
DA:7,1
DA:10,1
DA:13,1
DA:14,4
DA:17,0
DA:22,0
DA:23,0
DA:25,0
DA:27,0
DA:28,0
DA:31,0
LF:12
LH:5
BRDA:22,0,0,0
BRDA:22,0,1,0
BRDA:27,1,0,0
BRDA:27,1,1,0
BRDA:27,2,0,0
BRDA:27,2,1,0
BRDA:27,3,0,0
BRDA:27,3,1,0
BRF:8
BRH:0
end_of_record
TN:
SF:src/auth/services/auth.service.ts
FN:20,(anonymous_2)
FN:29,(anonymous_3)
FN:51,(anonymous_4)
FN:57,(anonymous_5)
FN:73,(anonymous_6)
FN:84,(anonymous_7)
FNF:6
FNH:6
FNDA:10,(anonymous_2)
FNDA:3,(anonymous_3)
FNDA:1,(anonymous_4)
FNDA:1,(anonymous_5)
FNDA:2,(anonymous_6)
FNDA:2,(anonymous_7)
DA:1,2
DA:2,2
DA:3,2
DA:4,2
DA:6,2
DA:7,2
DA:9,2
DA:10,2
DA:15,2
DA:19,2
DA:21,10
DA:22,10
DA:23,10
DA:24,10
DA:26,10
DA:34,3
DA:37,3
DA:44,2
DA:45,1
DA:48,1
DA:52,1
DA:54,1
DA:61,1
DA:64,1
DA:65,1
DA:67,1
DA:68,1
DA:74,2
DA:76,2
DA:77,2
DA:78,1
DA:81,1
DA:88,2
DA:90,2
DA:91,2
DA:97,2
DA:106,2
LF:37
LH:37
BRDA:44,0,0,1
BRDA:44,0,1,1
BRDA:77,1,0,1
BRDA:77,1,1,1
BRF:4
BRH:4
end_of_record
TN:
SF:src/auth/strategies/jwt-auth.strategy.ts
FN:14,(anonymous_2)
FN:23,(anonymous_3)
FNF:2
FNH:0
FNDA:0,(anonymous_2)
FNDA:0,(anonymous_3)
DA:1,0
DA:2,0
DA:3,0
DA:4,0
DA:6,0
DA:10,0
DA:14,0
DA:15,0
DA:26,0
LF:9
LH:0
BRF:0
BRH:0
end_of_record
TN:
SF:src/auth/strategies/jwt-refresh.strategy.ts
FN:14,(anonymous_2)
FN:23,(anonymous_3)
FNF:2
FNH:0
FNDA:0,(anonymous_2)
FNDA:0,(anonymous_3)
DA:1,0
DA:2,0
DA:3,0
DA:4,0
DA:7,0
DA:10,0
DA:14,0
DA:15,0
DA:26,0
LF:9
LH:0
BRF:0
BRH:0
end_of_record
TN:
SF:src/auth/strategies/local.strategy.ts
FN:14,(anonymous_2)
FN:27,(anonymous_3)
FNF:2
FNH:0
FNDA:0,(anonymous_2)
FNDA:0,(anonymous_3)
DA:1,0
DA:2,0
DA:3,0
DA:6,0
DA:7,0
DA:9,0
DA:10,0
DA:13,0
DA:15,0
DA:16,0
DA:19,0
DA:24,0
DA:32,0
DA:34,0
DA:36,0
DA:39,0
LF:16
LH:0
BRF:0
BRH:0
end_of_record
TN:
SF:src/shared/acl/acl.service.ts
FN:7,(anonymous_0)
FN:29,(anonymous_1)
FN:31,(anonymous_2)
FN:34,(anonymous_3)
FN:40,(anonymous_4)
FN:44,(anonymous_5)
FN:16,(anonymous_6)
FNF:7
FNH:7
FNDA:29,(anonymous_0)
FNDA:22,(anonymous_1)
FNDA:29,(anonymous_2)
FNDA:29,(anonymous_3)
FNDA:77,(anonymous_4)
FNDA:44,(anonymous_5)
FNDA:67,(anonymous_6)
DA:2,4
DA:7,4
DA:11,29
DA:21,67
DA:29,29
DA:30,22
DA:32,29
DA:34,29
DA:36,29
DA:39,29
DA:40,77
DA:44,29
DA:46,44
DA:50,37
DA:54,37
DA:60,29
LF:16
LH:16
BRDA:36,0,0,0
BRDA:36,0,1,29
BRDA:46,1,0,7
BRDA:46,1,1,37
BRDA:50,2,0,37
BRDA:50,2,1,22
BRDA:55,3,0,37
BRDA:55,3,1,25
BRDA:55,3,2,9
BRDA:22,4,0,23
BRDA:22,4,1,44
BRF:11
BRH:10
end_of_record
TN:
SF:src/shared/acl/action.constant.ts
FN:4,(anonymous_0)
FNF:1
FNH:1
FNDA:4,(anonymous_0)
DA:4,4
DA:5,4
DA:6,4
DA:7,4
DA:8,4
DA:9,4
DA:10,4
LF:7
LH:7
BRDA:4,0,0,4
BRDA:4,0,1,4
BRF:2
BRH:2
end_of_record
TN:
SF:src/shared/configs/configuration.ts
FN:1,(anonymous_0)
FNF:1
FNH:0
FNDA:0,(anonymous_0)
DA:1,0
LF:1
LH:0
BRDA:6,0,0,0
BRDA:6,0,1,0
BRF:2
BRH:0
end_of_record
TN:
SF:src/shared/configs/module-options.ts
FNF:0
FNH:0
DA:1,0
DA:3,0
DA:5,0
LF:3
LH:0
BRF:0
BRH:0
end_of_record
TN:
SF:src/shared/constants/common.ts
FNF:0
FNH:0
DA:1,7
DA:3,7
DA:5,7
LF:3
LH:3
BRF:0
BRH:0
end_of_record
TN:
SF:src/shared/constants/index.ts
FNF:0
FNH:0
DA:1,7
LF:1
LH:1
BRF:0
BRH:0
end_of_record
TN:
SF:src/shared/dtos/base-api-response.dto.ts
FN:10,SwaggerBaseApiResponse
FNF:1
FNH:1
FNDA:11,SwaggerBaseApiResponse
DA:1,3
DA:3,3
DA:7,3
DA:10,3
DA:13,11
DA:17,11
DA:18,11
DA:22,11
DA:25,3
DA:27,3
DA:30,3
DA:33,3
DA:36,3
DA:39,3
DA:42,3
DA:45,3
DA:48,3
DA:51,3
DA:53,3
LF:19
LH:19
BRDA:17,0,0,2
BRDA:17,0,1,9
BRF:2
BRH:2
end_of_record
TN:
SF:src/shared/dtos/pagination-params.dto.ts
FN:5,(anonymous_2)
FN:12,(anonymous_3)
FN:21,(anonymous_4)
FNF:3
FNH:0
FNDA:0,(anonymous_2)
FNDA:0,(anonymous_3)
FNDA:0,(anonymous_4)
DA:1,2
DA:2,2
DA:3,2
DA:5,2
DA:12,0
DA:13,2
DA:21,0
DA:22,2
LF:8
LH:6
BRF:0
BRH:0
end_of_record
TN:
SF:src/shared/errors/base-api-error.ts
FN:7,(anonymous_0)
FNF:1
FNH:0
FNDA:0,(anonymous_0)
DA:1,1
DA:3,1
DA:14,0
DA:15,0
DA:16,0
DA:17,0
LF:6
LH:2
BRF:0
BRH:0
end_of_record
TN:
SF:src/shared/filters/all-exceptions.filter.ts
FN:19,(anonymous_2)
FN:26,(anonymous_3)
FNF:2
FNH:2
FNDA:11,(anonymous_2)
FNDA:12,(anonymous_3)
DA:1,1
DA:9,1
DA:11,1
DA:12,1
DA:13,1
DA:14,1
DA:17,1
DA:20,11
DA:21,11
DA:23,11
DA:27,12
DA:28,12
DA:29,12
DA:31,12
DA:32,12
DA:33,12
DA:34,12
DA:42,12
DA:46,12
DA:47,0
DA:48,0
DA:49,0
DA:50,0
DA:51,0
DA:52,12
DA:53,6
DA:54,6
DA:55,6
DA:56,6
DA:57,6
DA:58,4
DA:59,4
DA:60,4
DA:64,12
DA:65,12
DA:66,12
DA:69,12
DA:80,12
DA:86,12
DA:87,12
DA:88,3
DA:91,12
LF:42
LH:37
BRDA:46,0,0,0
BRDA:46,0,1,12
BRDA:51,1,0,0
BRDA:51,1,1,0
BRDA:52,2,0,6
BRDA:52,2,1,6
BRDA:57,3,0,4
BRDA:57,3,1,2
BRDA:64,4,0,12
BRDA:64,4,1,6
BRDA:65,5,0,12
BRDA:65,5,1,2
BRDA:66,6,0,12
BRDA:66,6,1,2
BRDA:87,7,0,3
BRDA:87,7,1,9
BRDA:87,8,0,12
BRDA:87,8,1,4
BRF:18
BRH:15
end_of_record
TN:
SF:src/shared/interceptors/logging.interceptor.ts
FN:14,(anonymous_2)
FN:18,(anonymous_3)
FN:25,(anonymous_4)
FNF:3
FNH:2
FNDA:2,(anonymous_2)
FNDA:1,(anonymous_3)
FNDA:0,(anonymous_4)
DA:1,1
DA:8,1
DA:9,1
DA:10,1
DA:13,1
DA:14,2
DA:15,2
DA:19,1
DA:20,1
DA:21,1
DA:23,1
DA:24,1
DA:26,0
DA:27,0
DA:29,0
DA:31,0
DA:33,0
LF:17
LH:12
BRF:0
BRH:0
end_of_record
TN:
SF:src/shared/logger/logger.service.ts
FN:14,(anonymous_2)
FN:10,(anonymous_3)
FN:20,(anonymous_4)
FN:36,(anonymous_5)
FN:52,(anonymous_6)
FN:68,(anonymous_7)
FN:84,(anonymous_8)
FNF:7
FNH:2
FNDA:3,(anonymous_2)
FNDA:2,(anonymous_3)
FNDA:0,(anonymous_4)
FNDA:0,(anonymous_5)
FNDA:0,(anonymous_6)
FNDA:0,(anonymous_7)
FNDA:0,(anonymous_8)
DA:1,11
DA:2,11
DA:6,11
DA:11,2
DA:15,3
DA:25,0
DA:27,0
DA:41,0
DA:43,0
DA:57,0
DA:59,0
DA:73,0
DA:75,0
DA:89,0
DA:91,0
LF:15
LH:5
BRF:0
BRH:0
end_of_record
TN:
SF:src/shared/middlewares/request-id/request-id.middleware.ts
FN:5,(anonymous_0)
FNF:1
FNH:0
FNDA:0,(anonymous_0)
DA:2,0
DA:3,0
DA:5,0
DA:11,0
DA:15,0
DA:19,0
DA:20,0
LF:7
LH:0
BRDA:11,0,0,0
BRDA:11,0,1,0
BRDA:12,1,0,0
BRDA:12,1,1,0
BRF:4
BRH:0
end_of_record
TN:
SF:src/shared/request-context/req-context.decorator.ts
FN:7,(anonymous_0)
FNF:1
FNH:0
FNDA:0,(anonymous_0)
DA:1,4
DA:4,4
DA:6,4
DA:8,0
DA:10,0
LF:5
LH:3
BRF:0
BRH:0
end_of_record
TN:
SF:src/shared/request-context/request-context.dto.ts
FNF:0
FNH:0
DA:3,11
LF:1
LH:1
BRF:0
BRH:0
end_of_record
TN:
SF:src/shared/request-context/util/index.ts
FN:12,createRequestContext
FNF:1
FNH:1
FNDA:14,createRequestContext
DA:1,7
DA:4,7
DA:5,7
DA:9,7
DA:12,7
DA:13,14
DA:14,14
DA:15,14
DA:16,14
DA:21,14
DA:27,14
LF:11
LH:11
BRDA:17,0,0,1
BRDA:17,0,1,13
BRDA:22,1,0,1
BRDA:22,1,1,13
BRF:4
BRH:4
end_of_record
TN:
SF:src/user/controllers/user.controller.ts
FN:35,(anonymous_4)
FN:56,(anonymous_5)
FN:80,(anonymous_6)
FN:110,(anonymous_7)
FN:135,(anonymous_8)
FNF:5
FNH:4
FNDA:4,(anonymous_4)
FNDA:0,(anonymous_5)
FNDA:1,(anonymous_6)
FNDA:1,(anonymous_7)
FNDA:1,(anonymous_8)
DA:1,1
DA:13,1
DA:15,1
DA:17,1
DA:18,1
DA:19,1
DA:20,1
DA:25,1
DA:26,1
DA:27,1
DA:28,1
DA:29,1
DA:30,1
DA:31,1
DA:34,1
DA:36,4
DA:37,4
DA:39,4
DA:56,1
DA:59,0
DA:61,0
DA:62,0
DA:80,1
DA:84,1
DA:86,1
DA:92,1
DA:110,1
DA:114,1
DA:116,1
DA:117,1
DA:135,1
DA:140,1
DA:142,1
DA:143,1
LF:34
LH:31
BRF:0
BRH:0
end_of_record
TN:
SF:src/user/dtos/user-create-input.dto.ts
FNF:0
FNH:0
DA:1,0
DA:2,0
DA:16,0
DA:18,0
DA:23,0
DA:29,0
DA:35,0
DA:41,0
DA:47,0
DA:51,0
LF:10
LH:0
BRF:0
BRH:0
end_of_record
TN:
SF:src/user/dtos/user-output.dto.ts
FNF:0
FNH:0
DA:1,6
DA:2,6
DA:4,6
DA:6,6
DA:9,6
DA:13,6
DA:17,6
DA:21,6
DA:25,6
DA:29,6
DA:33,6
DA:37,6
LF:12
LH:12
BRF:0
BRH:0
end_of_record
TN:
SF:src/user/dtos/user-update-input.dto.ts
FNF:0
FNH:0
DA:1,1
DA:2,1
DA:10,1
DA:16,1
DA:23,1
LF:5
LH:5
BRF:0
BRH:0
end_of_record
TN:
SF:src/user/entities/user.entity.ts
FN:44,(anonymous_2)
FN:44,(anonymous_3)
FNF:2
FNH:0
FNDA:0,(anonymous_2)
FNDA:0,(anonymous_3)
DA:1,8
DA:11,8
DA:14,8
DA:16,8
DA:19,8
DA:22,8
DA:26,8
DA:29,8
DA:32,8
DA:36,8
DA:39,8
DA:42,8
DA:44,0
DA:45,8
LF:14
LH:13
BRF:0
BRH:0
end_of_record
TN:
SF:src/user/repositories/user.repository.ts
FN:8,(anonymous_1)
FNF:1
FNH:1
FNDA:3,(anonymous_1)
DA:1,7
DA:2,7
DA:4,7
DA:7,7
DA:9,3
DA:10,3
DA:11,1
DA:14,2
LF:8
LH:8
BRDA:10,0,0,1
BRDA:10,0,1,2
BRF:2
BRH:2
end_of_record
TN:
SF:src/user/services/user-acl.service.ts
FN:10,(anonymous_2)
FN:20,(anonymous_3)
FNF:2
FNH:2
FNDA:7,(anonymous_2)
FNDA:2,(anonymous_3)
DA:1,1
DA:2,1
DA:3,1
DA:5,1
DA:9,1
DA:11,7
DA:13,7
DA:15,7
DA:17,7
DA:21,2
LF:10
LH:10
BRF:0
BRH:0
end_of_record
TN:
SF:src/user/services/user.service.ts
FN:17,(anonymous_2)
FN:23,(anonymous_3)
FN:41,(anonymous_4)
FN:60,(anonymous_5)
FN:81,(anonymous_6)
FN:92,(anonymous_7)
FN:103,(anonymous_8)
FN:117,(anonymous_9)
FNF:8
FNH:8
FNDA:17,(anonymous_2)
FNDA:3,(anonymous_3)
FNDA:3,(anonymous_4)
FNDA:1,(anonymous_5)
FNDA:2,(anonymous_6)
FNDA:3,(anonymous_7)
FNDA:2,(anonymous_8)
FNDA:2,(anonymous_9)
DA:1,6
DA:2,6
DA:3,6
DA:5,6
DA:7,6
DA:10,6
DA:12,6
DA:16,6
DA:18,17
DA:19,17
DA:21,17
DA:27,3
DA:29,3
DA:31,3
DA:33,3
DA:34,3
DA:36,3
DA:46,3
DA:48,3
DA:49,3
DA:50,3
DA:52,2
DA:53,2
DA:55,1
DA:65,1
DA:67,1
DA:68,1
DA:74,1
DA:78,1
DA:82,2
DA:84,2
DA:85,2
DA:87,2
DA:93,3
DA:95,3
DA:96,3
DA:98,2
DA:107,2
DA:109,2
DA:110,2
DA:112,2
DA:122,2
DA:124,2
DA:125,2
DA:128,1
DA:129,1
DA:133,1
DA:138,1
DA:139,1
DA:141,1
LF:50
LH:50
BRDA:50,0,0,1
BRDA:50,0,1,2
BRDA:53,1,0,1
BRDA:53,1,1,1
BRDA:128,2,0,1
BRDA:128,2,1,0
BRF:6
BRH:5
end_of_record
